Connecting to database specified by database.yml


Started GET "/assets/rails.png" for 127.0.0.1 at 2013-11-12 16:41:07 -0800
Connecting to database specified by database.yml
Served asset /rails.png - 200 OK (4ms)


Started GET "/assets/rails.png" for 127.0.0.1 at 2013-11-12 16:41:11 -0800
Served asset /rails.png - 304 Not Modified (0ms)


Started GET "/assets/rails.png" for 127.0.0.1 at 2013-11-12 16:41:13 -0800
Served asset /rails.png - 304 Not Modified (0ms)


Started GET "/pages/mainpage" for 127.0.0.1 at 2013-11-12 16:41:15 -0800
Processing by PagesController#mainpage as HTML
Completed 500 Internal Server Error in 22ms

ActiveRecord::StatementInvalid (Could not find table 'users'):
  app/controllers/application_controller.rb:7:in `authorize'


  Rendered /Users/simonhordvik/.rvm/gems/ruby-2.0.0-p247@rails-3.2.14/gems/actionpack-3.2.14/lib/action_dispatch/middleware/templates/rescues/_trace.erb (1.0ms)
  Rendered /Users/simonhordvik/.rvm/gems/ruby-2.0.0-p247@rails-3.2.14/gems/actionpack-3.2.14/lib/action_dispatch/middleware/templates/rescues/_request_and_response.erb (0.7ms)
  Rendered /Users/simonhordvik/.rvm/gems/ruby-2.0.0-p247@rails-3.2.14/gems/actionpack-3.2.14/lib/action_dispatch/middleware/templates/rescues/diagnostics.erb within rescues/layout (9.5ms)


Started GET "/pages/mainpage" for 127.0.0.1 at 2013-11-12 16:41:19 -0800
Processing by PagesController#mainpage as HTML
Completed 500 Internal Server Error in 0ms

ActiveRecord::StatementInvalid (Could not find table 'users'):
  app/controllers/application_controller.rb:7:in `authorize'


  Rendered /Users/simonhordvik/.rvm/gems/ruby-2.0.0-p247@rails-3.2.14/gems/actionpack-3.2.14/lib/action_dispatch/middleware/templates/rescues/_trace.erb (0.8ms)
  Rendered /Users/simonhordvik/.rvm/gems/ruby-2.0.0-p247@rails-3.2.14/gems/actionpack-3.2.14/lib/action_dispatch/middleware/templates/rescues/_request_and_response.erb (0.6ms)
  Rendered /Users/simonhordvik/.rvm/gems/ruby-2.0.0-p247@rails-3.2.14/gems/actionpack-3.2.14/lib/action_dispatch/middleware/templates/rescues/diagnostics.erb within rescues/layout (6.0ms)


Started GET "/pages/mainpage" for 127.0.0.1 at 2013-11-12 16:41:19 -0800
Processing by PagesController#mainpage as HTML
Completed 500 Internal Server Error in 0ms

ActiveRecord::StatementInvalid (Could not find table 'users'):
  app/controllers/application_controller.rb:7:in `authorize'


  Rendered /Users/simonhordvik/.rvm/gems/ruby-2.0.0-p247@rails-3.2.14/gems/actionpack-3.2.14/lib/action_dispatch/middleware/templates/rescues/_trace.erb (0.9ms)
  Rendered /Users/simonhordvik/.rvm/gems/ruby-2.0.0-p247@rails-3.2.14/gems/actionpack-3.2.14/lib/action_dispatch/middleware/templates/rescues/_request_and_response.erb (0.6ms)
  Rendered /Users/simonhordvik/.rvm/gems/ruby-2.0.0-p247@rails-3.2.14/gems/actionpack-3.2.14/lib/action_dispatch/middleware/templates/rescues/diagnostics.erb within rescues/layout (5.7ms)


Started GET "/products" for 127.0.0.1 at 2013-11-12 16:41:23 -0800

ActionController::RoutingError (No route matches [GET] "/products"):
  actionpack (3.2.14) lib/action_dispatch/middleware/debug_exceptions.rb:21:in `call'
  actionpack (3.2.14) lib/action_dispatch/middleware/show_exceptions.rb:56:in `call'
  railties (3.2.14) lib/rails/rack/logger.rb:32:in `call_app'
  railties (3.2.14) lib/rails/rack/logger.rb:16:in `block in call'
  activesupport (3.2.14) lib/active_support/tagged_logging.rb:22:in `tagged'
  railties (3.2.14) lib/rails/rack/logger.rb:16:in `call'
  actionpack (3.2.14) lib/action_dispatch/middleware/request_id.rb:22:in `call'
  rack (1.4.5) lib/rack/methodoverride.rb:21:in `call'
  rack (1.4.5) lib/rack/runtime.rb:17:in `call'
  activesupport (3.2.14) lib/active_support/cache/strategy/local_cache.rb:72:in `call'
  rack (1.4.5) lib/rack/lock.rb:15:in `call'
  actionpack (3.2.14) lib/action_dispatch/middleware/static.rb:63:in `call'
  railties (3.2.14) lib/rails/engine.rb:484:in `call'
  railties (3.2.14) lib/rails/application.rb:231:in `call'
  rack (1.4.5) lib/rack/content_length.rb:14:in `call'
  railties (3.2.14) lib/rails/rack/log_tailer.rb:17:in `call'
  rack (1.4.5) lib/rack/handler/webrick.rb:59:in `service'
  /Users/simonhordvik/.rvm/rubies/ruby-2.0.0-p247/lib/ruby/2.0.0/webrick/httpserver.rb:138:in `service'
  /Users/simonhordvik/.rvm/rubies/ruby-2.0.0-p247/lib/ruby/2.0.0/webrick/httpserver.rb:94:in `run'
  /Users/simonhordvik/.rvm/rubies/ruby-2.0.0-p247/lib/ruby/2.0.0/webrick/server.rb:295:in `block in start_thread'


  Rendered /Users/simonhordvik/.rvm/gems/ruby-2.0.0-p247@rails-3.2.14/gems/actionpack-3.2.14/lib/action_dispatch/middleware/templates/rescues/routing_error.erb within rescues/layout (0.4ms)


Started GET "/assets/rails.png" for 127.0.0.1 at 2013-11-12 16:41:23 -0800
Served asset /rails.png - 304 Not Modified (0ms)


Started GET "/login?locale=en" for 127.0.0.1 at 2013-11-12 16:41:25 -0800
Processing by LoginController#new as HTML
  Parameters: {"locale"=>"en"}
Compiled jquery.rating.css  (0ms)  (pid 6724)
Compiled jquery-star-rating.css  (4ms)  (pid 6724)
Compiled twitter/bootstrap.css  (1875ms)  (pid 6724)
Compiled followers.css  (1ms)  (pid 6724)
Compiled list_movies.css  (0ms)  (pid 6724)
Compiled login.css  (9ms)  (pid 6724)
Compiled mainpage.css  (1ms)  (pid 6724)
Compiled my_lists.css  (2ms)  (pid 6724)
Compiled pages.css  (35ms)  (pid 6724)
Compiled scaffolds.css  (10ms)  (pid 6724)
Compiled sessions.css  (1ms)  (pid 6724)
Compiled unseen_movies.css  (1ms)  (pid 6724)
Compiled users.css  (925ms)  (pid 6724)
Compiled watched_movies.css  (1ms)  (pid 6724)
Compiled application.css  (2968ms)  (pid 6724)
Compiled jquery.js  (3ms)  (pid 6724)
Compiled jquery_ujs.js  (0ms)  (pid 6724)
Compiled jquery.rating.js  (0ms)  (pid 6724)
Compiled jquery-star-rating.js  (4ms)  (pid 6724)
Compiled twitter/bootstrap/transition.js  (0ms)  (pid 6724)
Compiled twitter/bootstrap/alert.js  (0ms)  (pid 6724)
Compiled twitter/bootstrap/button.js  (0ms)  (pid 6724)
Compiled twitter/bootstrap/carousel.js  (0ms)  (pid 6724)
Compiled twitter/bootstrap/collapse.js  (0ms)  (pid 6724)
Compiled twitter/bootstrap/dropdown.js  (0ms)  (pid 6724)
Compiled twitter/bootstrap/modal.js  (0ms)  (pid 6724)
Compiled twitter/bootstrap/tooltip.js  (0ms)  (pid 6724)
Compiled twitter/bootstrap/popover.js  (0ms)  (pid 6724)
Compiled twitter/bootstrap/scrollspy.js  (0ms)  (pid 6724)
Compiled twitter/bootstrap/tab.js  (0ms)  (pid 6724)
Compiled twitter/bootstrap/affix.js  (0ms)  (pid 6724)
Compiled holder.js  (0ms)  (pid 6724)
Compiled twitter/bootstrap.js  (40ms)  (pid 6724)
Compiled followers.js  (196ms)  (pid 6724)
Compiled list_movies.js  (97ms)  (pid 6724)
Compiled login.js  (97ms)  (pid 6724)
Compiled mainpage.js  (96ms)  (pid 6724)
Compiled my_lists.js  (105ms)  (pid 6724)
Compiled pages.js  (100ms)  (pid 6724)
Compiled sessions.js  (98ms)  (pid 6724)
Compiled unseen_movies.js  (99ms)  (pid 6724)
Compiled users.js  (101ms)  (pid 6724)
Compiled watched_movies.js  (124ms)  (pid 6724)
Compiled application.js  (1279ms)  (pid 6724)
  Rendered login/new.html.erb (4316.9ms)
Completed 200 OK in 4319ms (Views: 4318.7ms | ActiveRecord: 0.0ms)


Started GET "/login" for 127.0.0.1 at 2013-11-12 16:41:29 -0800
Processing by LoginController#new as HTML
  Rendered login/new.html.erb (14.1ms)
Completed 200 OK in 16ms (Views: 15.6ms | ActiveRecord: 0.0ms)


Started GET "/login" for 127.0.0.1 at 2013-11-12 16:41:29 -0800
Processing by LoginController#new as HTML
  Rendered login/new.html.erb (10.5ms)
Completed 200 OK in 11ms (Views: 11.4ms | ActiveRecord: 0.0ms)


Started GET "/login/new" for 127.0.0.1 at 2013-11-12 16:41:29 -0800
Processing by LoginController#new as HTML
  Rendered login/new.html.erb (12.1ms)
Completed 200 OK in 13ms (Views: 13.1ms | ActiveRecord: 0.0ms)


Started GET "/assets/twitter/bootstrap.css?body=1" for 127.0.0.1 at 2013-11-12 16:41:29 -0800
Served asset /twitter/bootstrap.css - 200 OK (40ms)


Started GET "/assets/application.css?body=1" for 127.0.0.1 at 2013-11-12 16:41:29 -0800
Served asset /application.css - 200 OK (24ms)


Started GET "/assets/jquery.rating.css?body=1" for 127.0.0.1 at 2013-11-12 16:41:29 -0800
Served asset /jquery.rating.css - 200 OK (2ms)


Started GET "/assets/jquery-star-rating.css?body=1" for 127.0.0.1 at 2013-11-12 16:41:29 -0800
Served asset /jquery-star-rating.css - 200 OK (2ms)


Started GET "/assets/list_movies.css?body=1" for 127.0.0.1 at 2013-11-12 16:41:29 -0800
Served asset /list_movies.css - 200 OK (1ms)


Started GET "/assets/followers.css?body=1" for 127.0.0.1 at 2013-11-12 16:41:29 -0800
Served asset /followers.css - 200 OK (1ms)


Started GET "/assets/login.css?body=1" for 127.0.0.1 at 2013-11-12 16:41:29 -0800
Served asset /login.css - 200 OK (2ms)


Started GET "/assets/my_lists.css?body=1" for 127.0.0.1 at 2013-11-12 16:41:29 -0800
Served asset /my_lists.css - 200 OK (1ms)


Started GET "/assets/mainpage.css?body=1" for 127.0.0.1 at 2013-11-12 16:41:29 -0800
Served asset /mainpage.css - 200 OK (1ms)


Started GET "/assets/pages.css?body=1" for 127.0.0.1 at 2013-11-12 16:41:29 -0800
Served asset /pages.css - 200 OK (1ms)


Started GET "/assets/scaffolds.css?body=1" for 127.0.0.1 at 2013-11-12 16:41:29 -0800
Served asset /scaffolds.css - 200 OK (2ms)


Started GET "/assets/sessions.css?body=1" for 127.0.0.1 at 2013-11-12 16:41:29 -0800
Served asset /sessions.css - 200 OK (1ms)


Started GET "/assets/unseen_movies.css?body=1" for 127.0.0.1 at 2013-11-12 16:41:29 -0800
Served asset /unseen_movies.css - 200 OK (1ms)


Started GET "/assets/users.css?body=1" for 127.0.0.1 at 2013-11-12 16:41:29 -0800
Served asset /users.css - 200 OK (29ms)


Started GET "/assets/watched_movies.css?body=1" for 127.0.0.1 at 2013-11-12 16:41:29 -0800
Served asset /watched_movies.css - 200 OK (1ms)


Started GET "/assets/jquery.js?body=1" for 127.0.0.1 at 2013-11-12 16:41:29 -0800
Served asset /jquery.js - 200 OK (2ms)


Started GET "/assets/jquery.rating.js?body=1" for 127.0.0.1 at 2013-11-12 16:41:29 -0800
Served asset /jquery.rating.js - 200 OK (4ms)


Started GET "/assets/jquery_ujs.js?body=1" for 127.0.0.1 at 2013-11-12 16:41:29 -0800
Served asset /jquery_ujs.js - 200 OK (2ms)


Started GET "/assets/jquery-star-rating.js?body=1" for 127.0.0.1 at 2013-11-12 16:41:29 -0800
Served asset /jquery-star-rating.js - 200 OK (2ms)


Started GET "/assets/twitter/bootstrap/alert.js?body=1" for 127.0.0.1 at 2013-11-12 16:41:29 -0800
Served asset /twitter/bootstrap/alert.js - 200 OK (1ms)


Started GET "/assets/twitter/bootstrap/transition.js?body=1" for 127.0.0.1 at 2013-11-12 16:41:29 -0800
Served asset /twitter/bootstrap/transition.js - 200 OK (1ms)


Started GET "/assets/twitter/bootstrap/button.js?body=1" for 127.0.0.1 at 2013-11-12 16:41:29 -0800
Served asset /twitter/bootstrap/button.js - 200 OK (1ms)


Started GET "/assets/twitter/bootstrap/collapse.js?body=1" for 127.0.0.1 at 2013-11-12 16:41:29 -0800
Served asset /twitter/bootstrap/collapse.js - 200 OK (1ms)


Started GET "/assets/twitter/bootstrap/carousel.js?body=1" for 127.0.0.1 at 2013-11-12 16:41:29 -0800
Served asset /twitter/bootstrap/carousel.js - 200 OK (1ms)


Started GET "/assets/twitter/bootstrap/dropdown.js?body=1" for 127.0.0.1 at 2013-11-12 16:41:29 -0800
Served asset /twitter/bootstrap/dropdown.js - 200 OK (1ms)


Started GET "/assets/twitter/bootstrap/modal.js?body=1" for 127.0.0.1 at 2013-11-12 16:41:29 -0800
Served asset /twitter/bootstrap/modal.js - 200 OK (2ms)


Started GET "/assets/twitter/bootstrap/tooltip.js?body=1" for 127.0.0.1 at 2013-11-12 16:41:29 -0800
Served asset /twitter/bootstrap/tooltip.js - 200 OK (1ms)


Started GET "/assets/twitter/bootstrap/popover.js?body=1" for 127.0.0.1 at 2013-11-12 16:41:29 -0800
Served asset /twitter/bootstrap/popover.js - 200 OK (1ms)


Started GET "/assets/twitter/bootstrap/scrollspy.js?body=1" for 127.0.0.1 at 2013-11-12 16:41:29 -0800
Served asset /twitter/bootstrap/scrollspy.js - 200 OK (1ms)


Started GET "/assets/twitter/bootstrap/tab.js?body=1" for 127.0.0.1 at 2013-11-12 16:41:29 -0800
Served asset /twitter/bootstrap/tab.js - 200 OK (1ms)


Started GET "/assets/twitter/bootstrap/affix.js?body=1" for 127.0.0.1 at 2013-11-12 16:41:29 -0800
Served asset /twitter/bootstrap/affix.js - 200 OK (1ms)


Started GET "/assets/holder.js?body=1" for 127.0.0.1 at 2013-11-12 16:41:29 -0800
Served asset /holder.js - 200 OK (3ms)


Started GET "/assets/twitter/bootstrap.js?body=1" for 127.0.0.1 at 2013-11-12 16:41:29 -0800
Served asset /twitter/bootstrap.js - 200 OK (12ms)


Started GET "/assets/followers.js?body=1" for 127.0.0.1 at 2013-11-12 16:41:29 -0800
Served asset /followers.js - 200 OK (1ms)


Started GET "/assets/list_movies.js?body=1" for 127.0.0.1 at 2013-11-12 16:41:29 -0800
Served asset /list_movies.js - 200 OK (1ms)


Started GET "/assets/mainpage.js?body=1" for 127.0.0.1 at 2013-11-12 16:41:29 -0800
Served asset /mainpage.js - 200 OK (1ms)


Started GET "/assets/login.js?body=1" for 127.0.0.1 at 2013-11-12 16:41:29 -0800
Served asset /login.js - 200 OK (2ms)


Started GET "/assets/my_lists.js?body=1" for 127.0.0.1 at 2013-11-12 16:41:29 -0800
Served asset /my_lists.js - 200 OK (1ms)


Started GET "/assets/pages.js?body=1" for 127.0.0.1 at 2013-11-12 16:41:29 -0800
Served asset /pages.js - 200 OK (1ms)


Started GET "/assets/sessions.js?body=1" for 127.0.0.1 at 2013-11-12 16:41:29 -0800
Served asset /sessions.js - 200 OK (3ms)


Started GET "/assets/unseen_movies.js?body=1" for 127.0.0.1 at 2013-11-12 16:41:29 -0800
Served asset /unseen_movies.js - 200 OK (1ms)


Started GET "/assets/users.js?body=1" for 127.0.0.1 at 2013-11-12 16:41:29 -0800
Served asset /users.js - 200 OK (0ms)


Started GET "/assets/watched_movies.js?body=1" for 127.0.0.1 at 2013-11-12 16:41:29 -0800
Served asset /watched_movies.js - 200 OK (1ms)


Started GET "/assets/application.js?body=1" for 127.0.0.1 at 2013-11-12 16:41:29 -0800
Served asset /application.js - 200 OK (43ms)


Started GET "/assets/MovieShareLogo.png" for 127.0.0.1 at 2013-11-12 16:41:30 -0800
Served asset /MovieShareLogo.png - 200 OK (4ms)
Connecting to database specified by database.yml
  [1m[36m (0.1ms)[0m  [1mselect sqlite_version(*)[0m
  [1m[35m (1.0ms)[0m  CREATE TABLE "schema_migrations" ("version" varchar(255) NOT NULL) 
  [1m[36m (0.7ms)[0m  [1mCREATE UNIQUE INDEX "unique_schema_migrations" ON "schema_migrations" ("version")[0m
  [1m[35m (0.0ms)[0m  SELECT "schema_migrations"."version" FROM "schema_migrations" 
Migrating to CreateUsers (20131023155844)
  [1m[36m (0.0ms)[0m  [1mbegin transaction[0m
  [1m[35m (0.2ms)[0m  CREATE TABLE "users" ("id" INTEGER PRIMARY KEY AUTOINCREMENT NOT NULL, "username" varchar(255), "firstname" varchar(255), "lastname" varchar(255), "email" varchar(255), "password_digest" varchar(255), "created_at" datetime NOT NULL, "updated_at" datetime NOT NULL) 
  [1m[36m (0.1ms)[0m  [1mINSERT INTO "schema_migrations" ("version") VALUES ('20131023155844')[0m
  [1m[35m (0.7ms)[0m  commit transaction
Migrating to CreateFollowers (20131030005111)
  [1m[36m (0.0ms)[0m  [1mbegin transaction[0m
  [1m[35m (0.2ms)[0m  CREATE TABLE "followers" ("id" INTEGER PRIMARY KEY AUTOINCREMENT NOT NULL, "user_id_model" integer, "user_id_follower" integer, "created_at" datetime NOT NULL, "updated_at" datetime NOT NULL) 
  [1m[36m (0.1ms)[0m  [1mINSERT INTO "schema_migrations" ("version") VALUES ('20131030005111')[0m
  [1m[35m (0.6ms)[0m  commit transaction
Migrating to CreateWatchedMovies (20131031181802)
  [1m[36m (0.1ms)[0m  [1mbegin transaction[0m
  [1m[35m (0.3ms)[0m  CREATE TABLE "watched_movies" ("id" INTEGER PRIMARY KEY AUTOINCREMENT NOT NULL, "user_id" integer, "movies" varchar(255), "created_at" datetime NOT NULL, "updated_at" datetime NOT NULL) 
  [1m[36m (0.1ms)[0m  [1mINSERT INTO "schema_migrations" ("version") VALUES ('20131031181802')[0m
  [1m[35m (0.5ms)[0m  commit transaction
Migrating to CreateMyLists (20131031181926)
  [1m[36m (0.0ms)[0m  [1mbegin transaction[0m
  [1m[35m (0.2ms)[0m  CREATE TABLE "my_lists" ("id" INTEGER PRIMARY KEY AUTOINCREMENT NOT NULL, "list_name" varchar(255), "owner_id" integer, "created_at" datetime NOT NULL, "updated_at" datetime NOT NULL) 
  [1m[36m (0.1ms)[0m  [1mINSERT INTO "schema_migrations" ("version") VALUES ('20131031181926')[0m
  [1m[35m (0.6ms)[0m  commit transaction
Migrating to CreateListMovies (20131031182211)
  [1m[36m (0.0ms)[0m  [1mbegin transaction[0m
  [1m[35m (0.2ms)[0m  CREATE TABLE "list_movies" ("id" INTEGER PRIMARY KEY AUTOINCREMENT NOT NULL, "list_id" integer, "movie_name" varchar(255), "created_at" datetime NOT NULL, "updated_at" datetime NOT NULL) 
  [1m[36m (0.1ms)[0m  [1mINSERT INTO "schema_migrations" ("version") VALUES ('20131031182211')[0m
  [1m[35m (0.6ms)[0m  commit transaction
Migrating to CreateUnseenMovies (20131031182252)
  [1m[36m (0.0ms)[0m  [1mbegin transaction[0m
  [1m[35m (0.2ms)[0m  CREATE TABLE "unseen_movies" ("id" INTEGER PRIMARY KEY AUTOINCREMENT NOT NULL, "owner_id" integer, "movie_name" varchar(255), "created_at" datetime NOT NULL, "updated_at" datetime NOT NULL) 
  [1m[36m (0.1ms)[0m  [1mINSERT INTO "schema_migrations" ("version") VALUES ('20131031182252')[0m
  [1m[35m (0.6ms)[0m  commit transaction
Migrating to AddDescriptionColumnToUsers (20131111213044)
  [1m[36m (0.0ms)[0m  [1mbegin transaction[0m
  [1m[35m (0.2ms)[0m  ALTER TABLE "users" ADD "description" varchar(255)
  [1m[36m (0.1ms)[0m  [1mINSERT INTO "schema_migrations" ("version") VALUES ('20131111213044')[0m
  [1m[35m (0.6ms)[0m  commit transaction
Migrating to CreateActivities (20131112211241)
  [1m[36m (0.0ms)[0m  [1mbegin transaction[0m
  [1m[35m (0.2ms)[0m  CREATE TABLE "activities" ("id" INTEGER PRIMARY KEY AUTOINCREMENT NOT NULL, "userid" integer, "movieid" varchar(255), "listid" integer, "created_at" datetime NOT NULL, "updated_at" datetime NOT NULL) 
  [1m[36m (0.1ms)[0m  [1mINSERT INTO "schema_migrations" ("version") VALUES ('20131112211241')[0m
  [1m[35m (0.5ms)[0m  commit transaction
Migrating to AddUsernameToActivities (20131112224751)
  [1m[36m (0.0ms)[0m  [1mbegin transaction[0m
  [1m[35m (0.2ms)[0m  ALTER TABLE "activities" ADD "username" varchar(255)
  [1m[36m (0.1ms)[0m  [1mINSERT INTO "schema_migrations" ("version") VALUES ('20131112224751')[0m
  [1m[35m (0.6ms)[0m  commit transaction
Migrating to AddMovienameToActivities (20131112224902)
  [1m[36m (0.0ms)[0m  [1mbegin transaction[0m
  [1m[35m (0.2ms)[0m  ALTER TABLE "activities" ADD "moviename" varchar(255)
  [1m[36m (0.1ms)[0m  [1mINSERT INTO "schema_migrations" ("version") VALUES ('20131112224902')[0m
  [1m[35m (0.6ms)[0m  commit transaction
Migrating to AddListnameToActivities (20131112224922)
  [1m[36m (0.0ms)[0m  [1mbegin transaction[0m
  [1m[35m (0.2ms)[0m  ALTER TABLE "activities" ADD "listname" varchar(255)
  [1m[36m (0.1ms)[0m  [1mINSERT INTO "schema_migrations" ("version") VALUES ('20131112224922')[0m
  [1m[35m (0.6ms)[0m  commit transaction
  [1m[36m (0.1ms)[0m  [1mSELECT "schema_migrations"."version" FROM "schema_migrations" [0m


Started GET "/login/new" for 127.0.0.1 at 2013-11-12 16:42:06 -0800
Connecting to database specified by database.yml
Processing by LoginController#new as HTML
  Rendered login/new.html.erb (65.3ms)
Completed 200 OK in 70ms (Views: 69.3ms | ActiveRecord: 0.0ms)


Started GET "/assets/jquery.rating.css?body=1" for 127.0.0.1 at 2013-11-12 16:42:06 -0800
Served asset /jquery.rating.css - 304 Not Modified (2ms)


Started GET "/assets/list_movies.css?body=1" for 127.0.0.1 at 2013-11-12 16:42:06 -0800
Served asset /list_movies.css - 200 OK (1ms)


Started GET "/assets/application.css?body=1" for 127.0.0.1 at 2013-11-12 16:42:06 -0800
Served asset /application.css - 304 Not Modified (18ms)


Started GET "/assets/jquery-star-rating.css?body=1" for 127.0.0.1 at 2013-11-12 16:42:06 -0800
Served asset /jquery-star-rating.css - 304 Not Modified (3ms)


Started GET "/assets/login.css?body=1" for 127.0.0.1 at 2013-11-12 16:42:06 -0800
Served asset /login.css - 304 Not Modified (1ms)


Started GET "/assets/followers.css?body=1" for 127.0.0.1 at 2013-11-12 16:42:06 -0800
Served asset /followers.css - 200 OK (1ms)


Started GET "/assets/twitter/bootstrap.css?body=1" for 127.0.0.1 at 2013-11-12 16:42:06 -0800
Served asset /twitter/bootstrap.css - 304 Not Modified (4ms)


Started GET "/assets/mainpage.css?body=1" for 127.0.0.1 at 2013-11-12 16:42:06 -0800
Served asset /mainpage.css - 200 OK (1ms)


Started GET "/assets/my_lists.css?body=1" for 127.0.0.1 at 2013-11-12 16:42:06 -0800
Served asset /my_lists.css - 304 Not Modified (1ms)


Started GET "/assets/pages.css?body=1" for 127.0.0.1 at 2013-11-12 16:42:06 -0800
Served asset /pages.css - 304 Not Modified (16ms)


Started GET "/assets/scaffolds.css?body=1" for 127.0.0.1 at 2013-11-12 16:42:06 -0800
Served asset /scaffolds.css - 304 Not Modified (1ms)


Started GET "/assets/sessions.css?body=1" for 127.0.0.1 at 2013-11-12 16:42:06 -0800
Served asset /sessions.css - 200 OK (1ms)


Started GET "/assets/unseen_movies.css?body=1" for 127.0.0.1 at 2013-11-12 16:42:06 -0800
Served asset /unseen_movies.css - 200 OK (1ms)


Started GET "/assets/users.css?body=1" for 127.0.0.1 at 2013-11-12 16:42:06 -0800
Served asset /users.css - 304 Not Modified (29ms)


Started GET "/assets/watched_movies.css?body=1" for 127.0.0.1 at 2013-11-12 16:42:06 -0800
Served asset /watched_movies.css - 200 OK (1ms)


Started GET "/assets/jquery.js?body=1" for 127.0.0.1 at 2013-11-12 16:42:06 -0800
Served asset /jquery.js - 304 Not Modified (3ms)


Started GET "/assets/jquery_ujs.js?body=1" for 127.0.0.1 at 2013-11-12 16:42:06 -0800
Served asset /jquery_ujs.js - 304 Not Modified (3ms)


Started GET "/assets/jquery.rating.js?body=1" for 127.0.0.1 at 2013-11-12 16:42:06 -0800
Served asset /jquery.rating.js - 304 Not Modified (1ms)


Started GET "/assets/jquery-star-rating.js?body=1" for 127.0.0.1 at 2013-11-12 16:42:06 -0800
Served asset /jquery-star-rating.js - 200 OK (2ms)


Started GET "/assets/twitter/bootstrap/transition.js?body=1" for 127.0.0.1 at 2013-11-12 16:42:06 -0800
Served asset /twitter/bootstrap/transition.js - 304 Not Modified (1ms)


Started GET "/assets/twitter/bootstrap/alert.js?body=1" for 127.0.0.1 at 2013-11-12 16:42:06 -0800
Served asset /twitter/bootstrap/alert.js - 304 Not Modified (2ms)


Started GET "/assets/twitter/bootstrap/button.js?body=1" for 127.0.0.1 at 2013-11-12 16:42:06 -0800
Served asset /twitter/bootstrap/button.js - 304 Not Modified (1ms)


Started GET "/assets/twitter/bootstrap/carousel.js?body=1" for 127.0.0.1 at 2013-11-12 16:42:06 -0800
Served asset /twitter/bootstrap/carousel.js - 304 Not Modified (1ms)


Started GET "/assets/twitter/bootstrap/collapse.js?body=1" for 127.0.0.1 at 2013-11-12 16:42:06 -0800
Served asset /twitter/bootstrap/collapse.js - 304 Not Modified (1ms)


Started GET "/assets/twitter/bootstrap/dropdown.js?body=1" for 127.0.0.1 at 2013-11-12 16:42:06 -0800
Served asset /twitter/bootstrap/dropdown.js - 304 Not Modified (1ms)


Started GET "/assets/twitter/bootstrap/modal.js?body=1" for 127.0.0.1 at 2013-11-12 16:42:06 -0800
Served asset /twitter/bootstrap/modal.js - 304 Not Modified (1ms)


Started GET "/assets/twitter/bootstrap/tooltip.js?body=1" for 127.0.0.1 at 2013-11-12 16:42:06 -0800
Served asset /twitter/bootstrap/tooltip.js - 304 Not Modified (17ms)


Started GET "/assets/twitter/bootstrap/popover.js?body=1" for 127.0.0.1 at 2013-11-12 16:42:06 -0800
Served asset /twitter/bootstrap/popover.js - 304 Not Modified (1ms)


Started GET "/assets/twitter/bootstrap/scrollspy.js?body=1" for 127.0.0.1 at 2013-11-12 16:42:07 -0800
Served asset /twitter/bootstrap/scrollspy.js - 304 Not Modified (1ms)


Started GET "/assets/twitter/bootstrap/tab.js?body=1" for 127.0.0.1 at 2013-11-12 16:42:07 -0800
Served asset /twitter/bootstrap/tab.js - 304 Not Modified (1ms)


Started GET "/assets/twitter/bootstrap/affix.js?body=1" for 127.0.0.1 at 2013-11-12 16:42:07 -0800
Served asset /twitter/bootstrap/affix.js - 304 Not Modified (1ms)


Started GET "/assets/holder.js?body=1" for 127.0.0.1 at 2013-11-12 16:42:07 -0800
Served asset /holder.js - 304 Not Modified (3ms)


Started GET "/assets/twitter/bootstrap.js?body=1" for 127.0.0.1 at 2013-11-12 16:42:07 -0800
Served asset /twitter/bootstrap.js - 304 Not Modified (10ms)


Started GET "/assets/followers.js?body=1" for 127.0.0.1 at 2013-11-12 16:42:07 -0800
Served asset /followers.js - 304 Not Modified (1ms)


Started GET "/assets/list_movies.js?body=1" for 127.0.0.1 at 2013-11-12 16:42:07 -0800
Served asset /list_movies.js - 304 Not Modified (1ms)


Started GET "/assets/login.js?body=1" for 127.0.0.1 at 2013-11-12 16:42:07 -0800
Served asset /login.js - 304 Not Modified (1ms)


Started GET "/assets/mainpage.js?body=1" for 127.0.0.1 at 2013-11-12 16:42:07 -0800
Served asset /mainpage.js - 304 Not Modified (1ms)


Started GET "/assets/my_lists.js?body=1" for 127.0.0.1 at 2013-11-12 16:42:07 -0800
Served asset /my_lists.js - 304 Not Modified (1ms)


Started GET "/assets/pages.js?body=1" for 127.0.0.1 at 2013-11-12 16:42:07 -0800
Served asset /pages.js - 304 Not Modified (1ms)


Started GET "/assets/sessions.js?body=1" for 127.0.0.1 at 2013-11-12 16:42:07 -0800
Served asset /sessions.js - 304 Not Modified (2ms)


Started GET "/assets/unseen_movies.js?body=1" for 127.0.0.1 at 2013-11-12 16:42:07 -0800
Served asset /unseen_movies.js - 304 Not Modified (1ms)


Started GET "/assets/users.js?body=1" for 127.0.0.1 at 2013-11-12 16:42:07 -0800
Served asset /users.js - 304 Not Modified (1ms)


Started GET "/assets/watched_movies.js?body=1" for 127.0.0.1 at 2013-11-12 16:42:07 -0800
Served asset /watched_movies.js - 304 Not Modified (1ms)


Started GET "/assets/application.js?body=1" for 127.0.0.1 at 2013-11-12 16:42:07 -0800
Served asset /application.js - 304 Not Modified (18ms)


Started GET "/assets/MovieShareLogo.png" for 127.0.0.1 at 2013-11-12 16:42:07 -0800
Served asset /MovieShareLogo.png - 304 Not Modified (1ms)


Started GET "/users/new" for 127.0.0.1 at 2013-11-12 16:42:09 -0800
Processing by UsersController#new as HTML
  Rendered users/new.html.erb (16.1ms)
Completed 200 OK in 55ms (Views: 19.8ms | ActiveRecord: 1.2ms)


Started GET "/assets/jquery.rating.css?body=1" for 127.0.0.1 at 2013-11-12 16:42:10 -0800
Served asset /jquery.rating.css - 304 Not Modified (0ms)


Started GET "/assets/jquery-star-rating.css?body=1" for 127.0.0.1 at 2013-11-12 16:42:10 -0800
Served asset /jquery-star-rating.css - 304 Not Modified (0ms)


Started GET "/assets/my_lists.css?body=1" for 127.0.0.1 at 2013-11-12 16:42:10 -0800
Served asset /my_lists.css - 304 Not Modified (0ms)


Started GET "/assets/twitter/bootstrap.css?body=1" for 127.0.0.1 at 2013-11-12 16:42:10 -0800
Served asset /twitter/bootstrap.css - 304 Not Modified (0ms)


Started GET "/assets/login.css?body=1" for 127.0.0.1 at 2013-11-12 16:42:10 -0800
Served asset /login.css - 304 Not Modified (0ms)


Started GET "/assets/application.css?body=1" for 127.0.0.1 at 2013-11-12 16:42:10 -0800
Served asset /application.css - 304 Not Modified (0ms)


Started GET "/assets/pages.css?body=1" for 127.0.0.1 at 2013-11-12 16:42:10 -0800
Served asset /pages.css - 304 Not Modified (0ms)


Started GET "/assets/scaffolds.css?body=1" for 127.0.0.1 at 2013-11-12 16:42:10 -0800
Served asset /scaffolds.css - 304 Not Modified (0ms)


Started GET "/assets/users.css?body=1" for 127.0.0.1 at 2013-11-12 16:42:10 -0800
Served asset /users.css - 304 Not Modified (0ms)


Started GET "/assets/jquery.js?body=1" for 127.0.0.1 at 2013-11-12 16:42:10 -0800
Served asset /jquery.js - 304 Not Modified (0ms)


Started GET "/assets/jquery_ujs.js?body=1" for 127.0.0.1 at 2013-11-12 16:42:10 -0800
Served asset /jquery_ujs.js - 304 Not Modified (0ms)


Started GET "/assets/jquery.rating.js?body=1" for 127.0.0.1 at 2013-11-12 16:42:10 -0800
Served asset /jquery.rating.js - 304 Not Modified (0ms)


Started GET "/assets/twitter/bootstrap/transition.js?body=1" for 127.0.0.1 at 2013-11-12 16:42:10 -0800
Served asset /twitter/bootstrap/transition.js - 304 Not Modified (0ms)


Started GET "/assets/twitter/bootstrap/alert.js?body=1" for 127.0.0.1 at 2013-11-12 16:42:10 -0800
Served asset /twitter/bootstrap/alert.js - 304 Not Modified (0ms)


Started GET "/assets/twitter/bootstrap/button.js?body=1" for 127.0.0.1 at 2013-11-12 16:42:10 -0800
Served asset /twitter/bootstrap/button.js - 304 Not Modified (0ms)


Started GET "/assets/twitter/bootstrap/carousel.js?body=1" for 127.0.0.1 at 2013-11-12 16:42:10 -0800
Served asset /twitter/bootstrap/carousel.js - 304 Not Modified (0ms)


Started GET "/assets/twitter/bootstrap/collapse.js?body=1" for 127.0.0.1 at 2013-11-12 16:42:10 -0800
Served asset /twitter/bootstrap/collapse.js - 304 Not Modified (0ms)


Started GET "/assets/twitter/bootstrap/dropdown.js?body=1" for 127.0.0.1 at 2013-11-12 16:42:10 -0800
Served asset /twitter/bootstrap/dropdown.js - 304 Not Modified (0ms)


Started GET "/assets/twitter/bootstrap/modal.js?body=1" for 127.0.0.1 at 2013-11-12 16:42:10 -0800
Served asset /twitter/bootstrap/modal.js - 304 Not Modified (0ms)


Started GET "/assets/twitter/bootstrap/tooltip.js?body=1" for 127.0.0.1 at 2013-11-12 16:42:10 -0800
Served asset /twitter/bootstrap/tooltip.js - 304 Not Modified (0ms)


Started GET "/assets/twitter/bootstrap/popover.js?body=1" for 127.0.0.1 at 2013-11-12 16:42:10 -0800
Served asset /twitter/bootstrap/popover.js - 304 Not Modified (0ms)


Started GET "/assets/twitter/bootstrap/scrollspy.js?body=1" for 127.0.0.1 at 2013-11-12 16:42:10 -0800
Served asset /twitter/bootstrap/scrollspy.js - 304 Not Modified (0ms)


Started GET "/assets/twitter/bootstrap/tab.js?body=1" for 127.0.0.1 at 2013-11-12 16:42:10 -0800
Served asset /twitter/bootstrap/tab.js - 304 Not Modified (0ms)


Started GET "/assets/twitter/bootstrap/affix.js?body=1" for 127.0.0.1 at 2013-11-12 16:42:10 -0800
Served asset /twitter/bootstrap/affix.js - 304 Not Modified (0ms)


Started GET "/assets/holder.js?body=1" for 127.0.0.1 at 2013-11-12 16:42:10 -0800
Served asset /holder.js - 304 Not Modified (0ms)


Started GET "/assets/followers.js?body=1" for 127.0.0.1 at 2013-11-12 16:42:10 -0800
Served asset /followers.js - 304 Not Modified (0ms)


Started GET "/assets/twitter/bootstrap.js?body=1" for 127.0.0.1 at 2013-11-12 16:42:10 -0800
Served asset /twitter/bootstrap.js - 304 Not Modified (0ms)


Started GET "/assets/list_movies.js?body=1" for 127.0.0.1 at 2013-11-12 16:42:10 -0800
Served asset /list_movies.js - 304 Not Modified (0ms)


Started GET "/assets/login.js?body=1" for 127.0.0.1 at 2013-11-12 16:42:10 -0800
Served asset /login.js - 304 Not Modified (0ms)


Started GET "/assets/mainpage.js?body=1" for 127.0.0.1 at 2013-11-12 16:42:10 -0800
Served asset /mainpage.js - 304 Not Modified (0ms)


Started GET "/assets/my_lists.js?body=1" for 127.0.0.1 at 2013-11-12 16:42:10 -0800
Served asset /my_lists.js - 304 Not Modified (0ms)


Started GET "/assets/pages.js?body=1" for 127.0.0.1 at 2013-11-12 16:42:10 -0800
Served asset /pages.js - 304 Not Modified (0ms)


Started GET "/assets/sessions.js?body=1" for 127.0.0.1 at 2013-11-12 16:42:10 -0800
Served asset /sessions.js - 304 Not Modified (0ms)


Started GET "/assets/unseen_movies.js?body=1" for 127.0.0.1 at 2013-11-12 16:42:10 -0800
Served asset /unseen_movies.js - 304 Not Modified (0ms)


Started GET "/assets/users.js?body=1" for 127.0.0.1 at 2013-11-12 16:42:10 -0800
Served asset /users.js - 304 Not Modified (0ms)


Started GET "/assets/watched_movies.js?body=1" for 127.0.0.1 at 2013-11-12 16:42:10 -0800
Served asset /watched_movies.js - 304 Not Modified (0ms)


Started GET "/assets/application.js?body=1" for 127.0.0.1 at 2013-11-12 16:42:10 -0800
Served asset /application.js - 304 Not Modified (0ms)


Started GET "/assets/MovieShareLogo.png" for 127.0.0.1 at 2013-11-12 16:42:10 -0800
Served asset /MovieShareLogo.png - 304 Not Modified (0ms)


Started POST "/users" for 127.0.0.1 at 2013-11-12 16:42:29 -0800
Processing by UsersController#create as HTML
  Parameters: {"utf8"=>"✓", "authenticity_token"=>"5orZBa7fYguF2AKcUf7upNPjJJuK9HBveUU/V4LGbpg=", "user"=>{"username"=>"simoneik", "firstname"=>"Simon", "lastname"=>"Hordvik", "email"=>"simon.hordvik@gmail.com", "password"=>"[FILTERED]", "password_confirmation"=>"[FILTERED]"}, "commit"=>"Sign up!"}
  [1m[36m (0.1ms)[0m  [1mbegin transaction[0m
  [1m[35mUser Exists (0.1ms)[0m  SELECT 1 AS one FROM "users" WHERE "users"."username" = 'simoneik' LIMIT 1
  [1m[36mUser Exists (0.0ms)[0m  [1mSELECT 1 AS one FROM "users" WHERE "users"."email" = 'simon.hordvik@gmail.com' LIMIT 1[0m
Binary data inserted for `string` type on column `password_digest`
  [1m[35mSQL (2.5ms)[0m  INSERT INTO "users" ("created_at", "description", "email", "firstname", "lastname", "password_digest", "updated_at", "username") VALUES (?, ?, ?, ?, ?, ?, ?, ?)  [["created_at", Wed, 13 Nov 2013 00:42:29 UTC +00:00], ["description", nil], ["email", "simon.hordvik@gmail.com"], ["firstname", "Simon"], ["lastname", "Hordvik"], ["password_digest", "$2a$10$QnB4tk/DRiCv/nCl./Ko9e/PvYeW6XTi4HuJn.5.sTCKMaxS.Xb06"], ["updated_at", Wed, 13 Nov 2013 00:42:29 UTC +00:00], ["username", "simoneik"]]
  [1m[36m (0.7ms)[0m  [1mcommit transaction[0m
  [1m[35m (0.0ms)[0m  begin transaction
  [1m[36mWatchedMovie Exists (0.1ms)[0m  [1mSELECT 1 AS one FROM "watched_movies" WHERE "watched_movies"."user_id" = 1 LIMIT 1[0m
  [1m[35mSQL (0.4ms)[0m  INSERT INTO "watched_movies" ("created_at", "movies", "updated_at", "user_id") VALUES (?, ?, ?, ?)  [["created_at", Wed, 13 Nov 2013 00:42:29 UTC +00:00], ["movies", ""], ["updated_at", Wed, 13 Nov 2013 00:42:29 UTC +00:00], ["user_id", 1]]
  [1m[36m (1.0ms)[0m  [1mcommit transaction[0m
Redirected to http://localhost:3000/pages/mainpage
Completed 302 Found in 91ms (ActiveRecord: 5.2ms)


Started GET "/pages/mainpage" for 127.0.0.1 at 2013-11-12 16:42:29 -0800
Processing by PagesController#mainpage as HTML
  [1m[35mUser Load (0.2ms)[0m  SELECT "users".* FROM "users" WHERE "users"."id" = 1 LIMIT 1
  [1m[36mFollower Load (0.1ms)[0m  [1mSELECT "followers".* FROM "followers" WHERE "followers"."user_id_follower" = 1[0m
  [1m[35mActivity Load (0.1ms)[0m  SELECT "activities".* FROM "activities" ORDER BY created_at desc
  [1m[36mCACHE (0.0ms)[0m  [1mSELECT "followers".* FROM "followers" WHERE "followers"."user_id_follower" = 1[0m
  [1m[35mCACHE (0.0ms)[0m  SELECT "activities".* FROM "activities" ORDER BY created_at desc
  Rendered pages/mainpage.html.erb within layouts/application (632.9ms)
Completed 200 OK in 660ms (Views: 650.5ms | ActiveRecord: 0.8ms)


Started GET "/assets/twitter/bootstrap.css?body=1" for 127.0.0.1 at 2013-11-12 16:42:30 -0800
Served asset /twitter/bootstrap.css - 304 Not Modified (0ms)


Started GET "/assets/jquery.rating.css?body=1" for 127.0.0.1 at 2013-11-12 16:42:30 -0800
Served asset /jquery.rating.css - 304 Not Modified (0ms)


Started GET "/assets/jquery-star-rating.css?body=1" for 127.0.0.1 at 2013-11-12 16:42:30 -0800
Served asset /jquery-star-rating.css - 304 Not Modified (0ms)


Started GET "/assets/application.css?body=1" for 127.0.0.1 at 2013-11-12 16:42:30 -0800
Served asset /application.css - 304 Not Modified (0ms)


Started GET "/assets/my_lists.css?body=1" for 127.0.0.1 at 2013-11-12 16:42:30 -0800
Served asset /my_lists.css - 304 Not Modified (0ms)


Started GET "/assets/login.css?body=1" for 127.0.0.1 at 2013-11-12 16:42:30 -0800
Served asset /login.css - 304 Not Modified (0ms)


Started GET "/assets/pages.css?body=1" for 127.0.0.1 at 2013-11-12 16:42:30 -0800
Served asset /pages.css - 304 Not Modified (0ms)


Started GET "/assets/scaffolds.css?body=1" for 127.0.0.1 at 2013-11-12 16:42:30 -0800
Served asset /scaffolds.css - 304 Not Modified (0ms)


Started GET "/assets/jquery.js?body=1" for 127.0.0.1 at 2013-11-12 16:42:30 -0800
Served asset /jquery.js - 304 Not Modified (0ms)


Started GET "/assets/jquery_ujs.js?body=1" for 127.0.0.1 at 2013-11-12 16:42:30 -0800
Served asset /jquery_ujs.js - 304 Not Modified (0ms)


Started GET "/assets/users.css?body=1" for 127.0.0.1 at 2013-11-12 16:42:30 -0800
Served asset /users.css - 304 Not Modified (0ms)


Started GET "/assets/jquery.rating.js?body=1" for 127.0.0.1 at 2013-11-12 16:42:30 -0800
Served asset /jquery.rating.js - 304 Not Modified (0ms)


Started GET "/assets/twitter/bootstrap/transition.js?body=1" for 127.0.0.1 at 2013-11-12 16:42:30 -0800
Served asset /twitter/bootstrap/transition.js - 304 Not Modified (0ms)


Started GET "/assets/twitter/bootstrap/button.js?body=1" for 127.0.0.1 at 2013-11-12 16:42:30 -0800
Served asset /twitter/bootstrap/button.js - 304 Not Modified (0ms)


Started GET "/assets/twitter/bootstrap/alert.js?body=1" for 127.0.0.1 at 2013-11-12 16:42:30 -0800
Served asset /twitter/bootstrap/alert.js - 304 Not Modified (0ms)


Started GET "/assets/twitter/bootstrap/carousel.js?body=1" for 127.0.0.1 at 2013-11-12 16:42:30 -0800
Served asset /twitter/bootstrap/carousel.js - 304 Not Modified (0ms)


Started GET "/assets/twitter/bootstrap/dropdown.js?body=1" for 127.0.0.1 at 2013-11-12 16:42:30 -0800
Served asset /twitter/bootstrap/dropdown.js - 304 Not Modified (0ms)


Started GET "/assets/twitter/bootstrap/collapse.js?body=1" for 127.0.0.1 at 2013-11-12 16:42:30 -0800
Served asset /twitter/bootstrap/collapse.js - 304 Not Modified (0ms)


Started GET "/assets/twitter/bootstrap/tooltip.js?body=1" for 127.0.0.1 at 2013-11-12 16:42:30 -0800
Served asset /twitter/bootstrap/tooltip.js - 304 Not Modified (0ms)


Started GET "/assets/twitter/bootstrap/modal.js?body=1" for 127.0.0.1 at 2013-11-12 16:42:30 -0800
Served asset /twitter/bootstrap/modal.js - 304 Not Modified (0ms)


Started GET "/assets/twitter/bootstrap/scrollspy.js?body=1" for 127.0.0.1 at 2013-11-12 16:42:30 -0800
Served asset /twitter/bootstrap/scrollspy.js - 304 Not Modified (0ms)


Started GET "/assets/twitter/bootstrap/popover.js?body=1" for 127.0.0.1 at 2013-11-12 16:42:30 -0800
Served asset /twitter/bootstrap/popover.js - 304 Not Modified (0ms)


Started GET "/assets/twitter/bootstrap/affix.js?body=1" for 127.0.0.1 at 2013-11-12 16:42:30 -0800
Served asset /twitter/bootstrap/affix.js - 304 Not Modified (0ms)


Started GET "/assets/twitter/bootstrap/tab.js?body=1" for 127.0.0.1 at 2013-11-12 16:42:30 -0800
Served asset /twitter/bootstrap/tab.js - 304 Not Modified (0ms)


Started GET "/assets/holder.js?body=1" for 127.0.0.1 at 2013-11-12 16:42:30 -0800
Served asset /holder.js - 304 Not Modified (0ms)


Started GET "/assets/twitter/bootstrap.js?body=1" for 127.0.0.1 at 2013-11-12 16:42:30 -0800
Served asset /twitter/bootstrap.js - 304 Not Modified (0ms)


Started GET "/assets/followers.js?body=1" for 127.0.0.1 at 2013-11-12 16:42:30 -0800
Served asset /followers.js - 304 Not Modified (0ms)


Started GET "/assets/list_movies.js?body=1" for 127.0.0.1 at 2013-11-12 16:42:30 -0800
Served asset /list_movies.js - 304 Not Modified (0ms)


Started GET "/assets/login.js?body=1" for 127.0.0.1 at 2013-11-12 16:42:30 -0800
Served asset /login.js - 304 Not Modified (0ms)


Started GET "/assets/pages.js?body=1" for 127.0.0.1 at 2013-11-12 16:42:30 -0800
Served asset /pages.js - 304 Not Modified (0ms)


Started GET "/assets/mainpage.js?body=1" for 127.0.0.1 at 2013-11-12 16:42:30 -0800
Served asset /mainpage.js - 304 Not Modified (0ms)


Started GET "/assets/my_lists.js?body=1" for 127.0.0.1 at 2013-11-12 16:42:30 -0800
Served asset /my_lists.js - 304 Not Modified (0ms)


Started GET "/assets/unseen_movies.js?body=1" for 127.0.0.1 at 2013-11-12 16:42:30 -0800
Served asset /unseen_movies.js - 304 Not Modified (0ms)


Started GET "/assets/sessions.js?body=1" for 127.0.0.1 at 2013-11-12 16:42:30 -0800
Served asset /sessions.js - 304 Not Modified (0ms)


Started GET "/assets/users.js?body=1" for 127.0.0.1 at 2013-11-12 16:42:30 -0800
Served asset /users.js - 304 Not Modified (0ms)


Started GET "/assets/watched_movies.js?body=1" for 127.0.0.1 at 2013-11-12 16:42:30 -0800
Served asset /watched_movies.js - 304 Not Modified (0ms)


Started GET "/assets/application.js?body=1" for 127.0.0.1 at 2013-11-12 16:42:30 -0800
Served asset /application.js - 304 Not Modified (0ms)


Started GET "/assets/MovieShareLogo.png" for 127.0.0.1 at 2013-11-12 16:42:30 -0800
Served asset /MovieShareLogo.png - 304 Not Modified (0ms)


Started GET "/assets/userpic.jpeg" for 127.0.0.1 at 2013-11-12 16:42:30 -0800
Served asset /userpic.jpeg - 200 OK (3ms)


Started GET "/assets/empty.png" for 127.0.0.1 at 2013-11-12 16:42:30 -0800
Served asset /empty.png - 200 OK (3ms)


Started GET "/assets/delete.gif" for 127.0.0.1 at 2013-11-12 16:42:30 -0800
Served asset /delete.gif - 200 OK (5ms)


Started GET "/assets/star1.png" for 127.0.0.1 at 2013-11-12 16:42:30 -0800
Served asset /star1.png - 200 OK (2ms)


Started GET "/assets/twitter/glyphicons-halflings-regular.woff" for 127.0.0.1 at 2013-11-12 16:42:30 -0800
Served asset /twitter/glyphicons-halflings-regular.woff - 200 OK (2ms)


Started GET "/pages/profilepage" for 127.0.0.1 at 2013-11-12 16:42:34 -0800
Processing by PagesController#profilepage as HTML
  [1m[36mUser Load (0.2ms)[0m  [1mSELECT "users".* FROM "users" WHERE "users"."id" = 1 LIMIT 1[0m
  [1m[35m (0.1ms)[0m  SELECT COUNT(*) FROM "followers" WHERE (user_id_follower = 1)
  [1m[36mFollower Load (0.1ms)[0m  [1mSELECT "followers".* FROM "followers" WHERE "followers"."user_id_follower" = 1[0m
  [1m[35m (0.1ms)[0m  SELECT COUNT(*) FROM "followers" WHERE (user_id_model = 1)
  [1m[36mFollower Load (0.1ms)[0m  [1mSELECT "followers".* FROM "followers" WHERE "followers"."user_id_model" = 1[0m
  [1m[35mWatchedMovie Load (0.1ms)[0m  SELECT "watched_movies".* FROM "watched_movies" WHERE "watched_movies"."user_id" = 1 LIMIT 1
  [1m[36mCACHE (0.0ms)[0m  [1mSELECT "watched_movies".* FROM "watched_movies" WHERE "watched_movies"."user_id" = 1 LIMIT 1[0m
  [1m[35mMyList Load (0.1ms)[0m  SELECT "my_lists".* FROM "my_lists" WHERE "my_lists"."owner_id" = 1
  [1m[36mCACHE (0.0ms)[0m  [1mSELECT "my_lists".* FROM "my_lists" WHERE "my_lists"."owner_id" = 1[0m
  [1m[35mCACHE (0.0ms)[0m  SELECT "my_lists".* FROM "my_lists" WHERE "my_lists"."owner_id" = 1
  Rendered pages/profilepage.html.erb within layouts/application (12.1ms)
Completed 200 OK in 29ms (Views: 27.2ms | ActiveRecord: 0.8ms)


Started GET "/assets/jquery.rating.css?body=1" for 127.0.0.1 at 2013-11-12 16:42:34 -0800
Served asset /jquery.rating.css - 304 Not Modified (0ms)


Started GET "/assets/jquery-star-rating.css?body=1" for 127.0.0.1 at 2013-11-12 16:42:35 -0800
Served asset /jquery-star-rating.css - 304 Not Modified (0ms)


Started GET "/assets/twitter/bootstrap.css?body=1" for 127.0.0.1 at 2013-11-12 16:42:35 -0800
Served asset /twitter/bootstrap.css - 304 Not Modified (0ms)


Started GET "/assets/my_lists.css?body=1" for 127.0.0.1 at 2013-11-12 16:42:35 -0800
Served asset /my_lists.css - 304 Not Modified (0ms)


Started GET "/assets/login.css?body=1" for 127.0.0.1 at 2013-11-12 16:42:35 -0800
Served asset /login.css - 304 Not Modified (0ms)


Started GET "/assets/application.css?body=1" for 127.0.0.1 at 2013-11-12 16:42:35 -0800
Served asset /application.css - 304 Not Modified (0ms)


Started GET "/assets/pages.css?body=1" for 127.0.0.1 at 2013-11-12 16:42:35 -0800
Served asset /pages.css - 304 Not Modified (0ms)


Started GET "/assets/scaffolds.css?body=1" for 127.0.0.1 at 2013-11-12 16:42:35 -0800
Served asset /scaffolds.css - 304 Not Modified (0ms)


Started GET "/assets/users.css?body=1" for 127.0.0.1 at 2013-11-12 16:42:35 -0800
Served asset /users.css - 304 Not Modified (0ms)


Started GET "/assets/jquery.js?body=1" for 127.0.0.1 at 2013-11-12 16:42:35 -0800
Served asset /jquery.js - 304 Not Modified (0ms)


Started GET "/assets/jquery_ujs.js?body=1" for 127.0.0.1 at 2013-11-12 16:42:35 -0800
Served asset /jquery_ujs.js - 304 Not Modified (0ms)


Started GET "/assets/jquery.rating.js?body=1" for 127.0.0.1 at 2013-11-12 16:42:35 -0800
Served asset /jquery.rating.js - 304 Not Modified (0ms)


Started GET "/assets/jquery-star-rating.js?body=1" for 127.0.0.1 at 2013-11-12 16:42:35 -0800
Served asset /jquery-star-rating.js - 304 Not Modified (0ms)


Started GET "/assets/twitter/bootstrap/transition.js?body=1" for 127.0.0.1 at 2013-11-12 16:42:35 -0800
Served asset /twitter/bootstrap/transition.js - 304 Not Modified (0ms)


Started GET "/assets/twitter/bootstrap/alert.js?body=1" for 127.0.0.1 at 2013-11-12 16:42:35 -0800
Served asset /twitter/bootstrap/alert.js - 304 Not Modified (0ms)


Started GET "/assets/twitter/bootstrap/button.js?body=1" for 127.0.0.1 at 2013-11-12 16:42:35 -0800
Served asset /twitter/bootstrap/button.js - 304 Not Modified (0ms)


Started GET "/assets/twitter/bootstrap/carousel.js?body=1" for 127.0.0.1 at 2013-11-12 16:42:35 -0800
Served asset /twitter/bootstrap/carousel.js - 304 Not Modified (0ms)


Started GET "/assets/twitter/bootstrap/collapse.js?body=1" for 127.0.0.1 at 2013-11-12 16:42:35 -0800
Served asset /twitter/bootstrap/collapse.js - 304 Not Modified (0ms)


Started GET "/assets/twitter/bootstrap/dropdown.js?body=1" for 127.0.0.1 at 2013-11-12 16:42:35 -0800
Served asset /twitter/bootstrap/dropdown.js - 304 Not Modified (0ms)


Started GET "/assets/twitter/bootstrap/modal.js?body=1" for 127.0.0.1 at 2013-11-12 16:42:35 -0800
Served asset /twitter/bootstrap/modal.js - 304 Not Modified (0ms)


Started GET "/assets/twitter/bootstrap/tooltip.js?body=1" for 127.0.0.1 at 2013-11-12 16:42:35 -0800
Served asset /twitter/bootstrap/tooltip.js - 304 Not Modified (0ms)


Started GET "/assets/twitter/bootstrap/scrollspy.js?body=1" for 127.0.0.1 at 2013-11-12 16:42:35 -0800
Served asset /twitter/bootstrap/scrollspy.js - 304 Not Modified (0ms)


Started GET "/assets/twitter/bootstrap/popover.js?body=1" for 127.0.0.1 at 2013-11-12 16:42:35 -0800
Served asset /twitter/bootstrap/popover.js - 304 Not Modified (0ms)


Started GET "/assets/twitter/bootstrap/tab.js?body=1" for 127.0.0.1 at 2013-11-12 16:42:35 -0800
Served asset /twitter/bootstrap/tab.js - 304 Not Modified (0ms)


Started GET "/assets/twitter/bootstrap/affix.js?body=1" for 127.0.0.1 at 2013-11-12 16:42:35 -0800
Served asset /twitter/bootstrap/affix.js - 304 Not Modified (0ms)


Started GET "/assets/holder.js?body=1" for 127.0.0.1 at 2013-11-12 16:42:35 -0800
Served asset /holder.js - 304 Not Modified (0ms)


Started GET "/assets/twitter/bootstrap.js?body=1" for 127.0.0.1 at 2013-11-12 16:42:35 -0800
Served asset /twitter/bootstrap.js - 304 Not Modified (0ms)


Started GET "/assets/followers.js?body=1" for 127.0.0.1 at 2013-11-12 16:42:35 -0800
Served asset /followers.js - 304 Not Modified (0ms)


Started GET "/assets/list_movies.js?body=1" for 127.0.0.1 at 2013-11-12 16:42:35 -0800
Served asset /list_movies.js - 304 Not Modified (0ms)


Started GET "/assets/login.js?body=1" for 127.0.0.1 at 2013-11-12 16:42:35 -0800
Served asset /login.js - 304 Not Modified (0ms)


Started GET "/assets/mainpage.js?body=1" for 127.0.0.1 at 2013-11-12 16:42:35 -0800
Served asset /mainpage.js - 304 Not Modified (0ms)


Started GET "/assets/my_lists.js?body=1" for 127.0.0.1 at 2013-11-12 16:42:35 -0800
Served asset /my_lists.js - 304 Not Modified (0ms)


Started GET "/assets/sessions.js?body=1" for 127.0.0.1 at 2013-11-12 16:42:35 -0800
Served asset /sessions.js - 304 Not Modified (0ms)


Started GET "/assets/pages.js?body=1" for 127.0.0.1 at 2013-11-12 16:42:35 -0800
Served asset /pages.js - 304 Not Modified (0ms)


Started GET "/assets/unseen_movies.js?body=1" for 127.0.0.1 at 2013-11-12 16:42:35 -0800
Served asset /unseen_movies.js - 304 Not Modified (0ms)


Started GET "/assets/users.js?body=1" for 127.0.0.1 at 2013-11-12 16:42:35 -0800
Served asset /users.js - 304 Not Modified (0ms)


Started GET "/assets/watched_movies.js?body=1" for 127.0.0.1 at 2013-11-12 16:42:35 -0800
Served asset /watched_movies.js - 304 Not Modified (0ms)


Started GET "/assets/application.js?body=1" for 127.0.0.1 at 2013-11-12 16:42:35 -0800
Served asset /application.js - 304 Not Modified (0ms)


Started GET "/assets/MovieShareLogo.png" for 127.0.0.1 at 2013-11-12 16:42:35 -0800
Served asset /MovieShareLogo.png - 304 Not Modified (0ms)


Started POST "/pages/list" for 127.0.0.1 at 2013-11-12 16:42:44 -0800
Processing by PagesController#search as HTML
  Parameters: {"utf8"=>"✓", "authenticity_token"=>"5orZBa7fYguF2AKcUf7upNPjJJuK9HBveUU/V4LGbpg=", "type"=>"movies", "query"=>"lord of the rigns", "commit"=>"Search"}
  [1m[36mUser Load (0.2ms)[0m  [1mSELECT "users".* FROM "users" WHERE "users"."id" = 1 LIMIT 1[0m
Redirected to http://localhost:3000/pages/list
Completed 302 Found in 117ms (ActiveRecord: 0.2ms)


Started GET "/pages/list" for 127.0.0.1 at 2013-11-12 16:42:44 -0800
Processing by PagesController#list as HTML
  [1m[35mUser Load (0.2ms)[0m  SELECT "users".* FROM "users" WHERE "users"."id" = 1 LIMIT 1
  Rendered pages/list.html.erb within layouts/application (1.7ms)
Completed 200 OK in 36ms (Views: 34.4ms | ActiveRecord: 0.2ms)


Started GET "/assets/twitter/bootstrap.css?body=1" for 127.0.0.1 at 2013-11-12 16:42:45 -0800
Served asset /twitter/bootstrap.css - 304 Not Modified (0ms)


Started GET "/assets/application.css?body=1" for 127.0.0.1 at 2013-11-12 16:42:45 -0800
Served asset /application.css - 304 Not Modified (0ms)


Started GET "/assets/jquery-star-rating.css?body=1" for 127.0.0.1 at 2013-11-12 16:42:45 -0800
Served asset /jquery-star-rating.css - 304 Not Modified (0ms)


Started GET "/assets/login.css?body=1" for 127.0.0.1 at 2013-11-12 16:42:45 -0800
Served asset /login.css - 304 Not Modified (0ms)


Started GET "/assets/my_lists.css?body=1" for 127.0.0.1 at 2013-11-12 16:42:45 -0800
Served asset /my_lists.css - 304 Not Modified (0ms)


Started GET "/assets/jquery.rating.css?body=1" for 127.0.0.1 at 2013-11-12 16:42:45 -0800
Served asset /jquery.rating.css - 304 Not Modified (0ms)


Started GET "/assets/pages.css?body=1" for 127.0.0.1 at 2013-11-12 16:42:45 -0800
Served asset /pages.css - 304 Not Modified (0ms)


Started GET "/assets/users.css?body=1" for 127.0.0.1 at 2013-11-12 16:42:45 -0800
Served asset /users.css - 304 Not Modified (0ms)


Started GET "/assets/scaffolds.css?body=1" for 127.0.0.1 at 2013-11-12 16:42:45 -0800
Served asset /scaffolds.css - 304 Not Modified (0ms)


Started GET "/assets/jquery.js?body=1" for 127.0.0.1 at 2013-11-12 16:42:45 -0800
Served asset /jquery.js - 304 Not Modified (0ms)


Started GET "/assets/jquery_ujs.js?body=1" for 127.0.0.1 at 2013-11-12 16:42:45 -0800
Served asset /jquery_ujs.js - 304 Not Modified (0ms)


Started GET "/assets/jquery-star-rating.js?body=1" for 127.0.0.1 at 2013-11-12 16:42:45 -0800
Served asset /jquery-star-rating.js - 304 Not Modified (0ms)


Started GET "/assets/jquery.rating.js?body=1" for 127.0.0.1 at 2013-11-12 16:42:45 -0800
Served asset /jquery.rating.js - 304 Not Modified (0ms)


Started GET "/assets/twitter/bootstrap/transition.js?body=1" for 127.0.0.1 at 2013-11-12 16:42:45 -0800
Served asset /twitter/bootstrap/transition.js - 304 Not Modified (0ms)


Started GET "/assets/twitter/bootstrap/alert.js?body=1" for 127.0.0.1 at 2013-11-12 16:42:45 -0800
Served asset /twitter/bootstrap/alert.js - 304 Not Modified (0ms)


Started GET "/assets/twitter/bootstrap/button.js?body=1" for 127.0.0.1 at 2013-11-12 16:42:45 -0800
Served asset /twitter/bootstrap/button.js - 304 Not Modified (0ms)


Started GET "/assets/twitter/bootstrap/carousel.js?body=1" for 127.0.0.1 at 2013-11-12 16:42:45 -0800
Served asset /twitter/bootstrap/carousel.js - 304 Not Modified (0ms)


Started GET "/assets/twitter/bootstrap/collapse.js?body=1" for 127.0.0.1 at 2013-11-12 16:42:45 -0800
Served asset /twitter/bootstrap/collapse.js - 304 Not Modified (0ms)


Started GET "/assets/twitter/bootstrap/dropdown.js?body=1" for 127.0.0.1 at 2013-11-12 16:42:45 -0800
Served asset /twitter/bootstrap/dropdown.js - 304 Not Modified (0ms)


Started GET "/assets/twitter/bootstrap/tooltip.js?body=1" for 127.0.0.1 at 2013-11-12 16:42:45 -0800
Served asset /twitter/bootstrap/tooltip.js - 304 Not Modified (0ms)


Started GET "/assets/twitter/bootstrap/modal.js?body=1" for 127.0.0.1 at 2013-11-12 16:42:45 -0800
Served asset /twitter/bootstrap/modal.js - 304 Not Modified (0ms)


Started GET "/assets/twitter/bootstrap/popover.js?body=1" for 127.0.0.1 at 2013-11-12 16:42:45 -0800
Served asset /twitter/bootstrap/popover.js - 304 Not Modified (0ms)


Started GET "/assets/twitter/bootstrap/scrollspy.js?body=1" for 127.0.0.1 at 2013-11-12 16:42:45 -0800
Served asset /twitter/bootstrap/scrollspy.js - 304 Not Modified (0ms)


Started GET "/assets/twitter/bootstrap/tab.js?body=1" for 127.0.0.1 at 2013-11-12 16:42:45 -0800
Served asset /twitter/bootstrap/tab.js - 304 Not Modified (0ms)


Started GET "/assets/twitter/bootstrap/affix.js?body=1" for 127.0.0.1 at 2013-11-12 16:42:45 -0800
Served asset /twitter/bootstrap/affix.js - 304 Not Modified (0ms)


Started GET "/assets/holder.js?body=1" for 127.0.0.1 at 2013-11-12 16:42:45 -0800
Served asset /holder.js - 304 Not Modified (0ms)


Started GET "/assets/twitter/bootstrap.js?body=1" for 127.0.0.1 at 2013-11-12 16:42:45 -0800
Served asset /twitter/bootstrap.js - 304 Not Modified (0ms)


Started GET "/assets/followers.js?body=1" for 127.0.0.1 at 2013-11-12 16:42:45 -0800
Served asset /followers.js - 304 Not Modified (0ms)


Started GET "/assets/list_movies.js?body=1" for 127.0.0.1 at 2013-11-12 16:42:45 -0800
Served asset /list_movies.js - 304 Not Modified (0ms)


Started GET "/assets/login.js?body=1" for 127.0.0.1 at 2013-11-12 16:42:45 -0800
Served asset /login.js - 304 Not Modified (0ms)


Started GET "/assets/mainpage.js?body=1" for 127.0.0.1 at 2013-11-12 16:42:45 -0800
Served asset /mainpage.js - 304 Not Modified (0ms)


Started GET "/assets/my_lists.js?body=1" for 127.0.0.1 at 2013-11-12 16:42:45 -0800
Served asset /my_lists.js - 304 Not Modified (0ms)


Started GET "/assets/pages.js?body=1" for 127.0.0.1 at 2013-11-12 16:42:45 -0800
Served asset /pages.js - 304 Not Modified (0ms)


Started GET "/assets/sessions.js?body=1" for 127.0.0.1 at 2013-11-12 16:42:45 -0800
Served asset /sessions.js - 304 Not Modified (0ms)


Started GET "/assets/users.js?body=1" for 127.0.0.1 at 2013-11-12 16:42:45 -0800
Served asset /users.js - 304 Not Modified (0ms)


Started GET "/assets/unseen_movies.js?body=1" for 127.0.0.1 at 2013-11-12 16:42:45 -0800
Served asset /unseen_movies.js - 304 Not Modified (0ms)


Started GET "/assets/application.js?body=1" for 127.0.0.1 at 2013-11-12 16:42:45 -0800
Served asset /application.js - 304 Not Modified (0ms)


Started GET "/assets/watched_movies.js?body=1" for 127.0.0.1 at 2013-11-12 16:42:45 -0800
Served asset /watched_movies.js - 304 Not Modified (0ms)


Started GET "/assets/MovieShareLogo.png" for 127.0.0.1 at 2013-11-12 16:42:45 -0800
Served asset /MovieShareLogo.png - 304 Not Modified (0ms)


Started POST "/pages/list" for 127.0.0.1 at 2013-11-12 16:42:48 -0800
Processing by PagesController#search as HTML
  Parameters: {"utf8"=>"✓", "authenticity_token"=>"5orZBa7fYguF2AKcUf7upNPjJJuK9HBveUU/V4LGbpg=", "type"=>"movies", "query"=>"lord of the rings", "commit"=>"Search"}
  [1m[36mUser Load (0.2ms)[0m  [1mSELECT "users".* FROM "users" WHERE "users"."id" = 1 LIMIT 1[0m
Redirected to http://localhost:3000/pages/list
Completed 302 Found in 225ms (ActiveRecord: 0.2ms)


Started GET "/pages/list" for 127.0.0.1 at 2013-11-12 16:42:48 -0800
Processing by PagesController#list as HTML
  [1m[35mUser Load (0.1ms)[0m  SELECT "users".* FROM "users" WHERE "users"."id" = 1 LIMIT 1
  [1m[36mMyList Load (0.1ms)[0m  [1mSELECT "my_lists".* FROM "my_lists" WHERE "my_lists"."owner_id" = 1[0m
  [1m[35mCACHE (0.0ms)[0m  SELECT "my_lists".* FROM "my_lists" WHERE "my_lists"."owner_id" = 1
  [1m[36mCACHE (0.0ms)[0m  [1mSELECT "my_lists".* FROM "my_lists" WHERE "my_lists"."owner_id" = 1[0m
  [1m[35mCACHE (0.0ms)[0m  SELECT "my_lists".* FROM "my_lists" WHERE "my_lists"."owner_id" = 1
  [1m[36mCACHE (0.0ms)[0m  [1mSELECT "my_lists".* FROM "my_lists" WHERE "my_lists"."owner_id" = 1[0m
  [1m[35mCACHE (0.0ms)[0m  SELECT "my_lists".* FROM "my_lists" WHERE "my_lists"."owner_id" = 1
  Rendered pages/list.html.erb within layouts/application (23.5ms)
Completed 200 OK in 38ms (Views: 36.8ms | ActiveRecord: 0.2ms)


Started GET "/assets/jquery-star-rating.css?body=1" for 127.0.0.1 at 2013-11-12 16:42:48 -0800
Served asset /jquery-star-rating.css - 304 Not Modified (0ms)


Started GET "/assets/jquery.rating.css?body=1" for 127.0.0.1 at 2013-11-12 16:42:48 -0800
Served asset /jquery.rating.css - 304 Not Modified (0ms)


Started GET "/assets/application.css?body=1" for 127.0.0.1 at 2013-11-12 16:42:48 -0800
Served asset /application.css - 304 Not Modified (0ms)


Started GET "/assets/login.css?body=1" for 127.0.0.1 at 2013-11-12 16:42:48 -0800
Served asset /login.css - 304 Not Modified (0ms)


Started GET "/assets/my_lists.css?body=1" for 127.0.0.1 at 2013-11-12 16:42:48 -0800
Served asset /my_lists.css - 304 Not Modified (0ms)


Started GET "/assets/twitter/bootstrap.css?body=1" for 127.0.0.1 at 2013-11-12 16:42:48 -0800
Served asset /twitter/bootstrap.css - 304 Not Modified (0ms)


Started GET "/assets/pages.css?body=1" for 127.0.0.1 at 2013-11-12 16:42:48 -0800
Served asset /pages.css - 304 Not Modified (0ms)


Started GET "/assets/scaffolds.css?body=1" for 127.0.0.1 at 2013-11-12 16:42:48 -0800
Served asset /scaffolds.css - 304 Not Modified (0ms)


Started GET "/assets/users.css?body=1" for 127.0.0.1 at 2013-11-12 16:42:48 -0800
Served asset /users.css - 304 Not Modified (0ms)


Started GET "/assets/jquery.js?body=1" for 127.0.0.1 at 2013-11-12 16:42:48 -0800
Served asset /jquery.js - 304 Not Modified (0ms)


Started GET "/assets/jquery_ujs.js?body=1" for 127.0.0.1 at 2013-11-12 16:42:48 -0800
Served asset /jquery_ujs.js - 304 Not Modified (0ms)


Started GET "/assets/jquery.rating.js?body=1" for 127.0.0.1 at 2013-11-12 16:42:48 -0800
Served asset /jquery.rating.js - 304 Not Modified (0ms)


Started GET "/assets/jquery-star-rating.js?body=1" for 127.0.0.1 at 2013-11-12 16:42:48 -0800
Served asset /jquery-star-rating.js - 304 Not Modified (0ms)


Started GET "/assets/twitter/bootstrap/transition.js?body=1" for 127.0.0.1 at 2013-11-12 16:42:48 -0800
Served asset /twitter/bootstrap/transition.js - 304 Not Modified (0ms)


Started GET "/assets/twitter/bootstrap/button.js?body=1" for 127.0.0.1 at 2013-11-12 16:42:48 -0800
Served asset /twitter/bootstrap/button.js - 304 Not Modified (0ms)


Started GET "/assets/twitter/bootstrap/alert.js?body=1" for 127.0.0.1 at 2013-11-12 16:42:48 -0800
Served asset /twitter/bootstrap/alert.js - 304 Not Modified (0ms)


Started GET "/assets/twitter/bootstrap/carousel.js?body=1" for 127.0.0.1 at 2013-11-12 16:42:48 -0800
Served asset /twitter/bootstrap/carousel.js - 304 Not Modified (0ms)


Started GET "/assets/twitter/bootstrap/collapse.js?body=1" for 127.0.0.1 at 2013-11-12 16:42:48 -0800
Served asset /twitter/bootstrap/collapse.js - 304 Not Modified (0ms)


Started GET "/assets/twitter/bootstrap/dropdown.js?body=1" for 127.0.0.1 at 2013-11-12 16:42:48 -0800
Served asset /twitter/bootstrap/dropdown.js - 304 Not Modified (0ms)


Started GET "/assets/twitter/bootstrap/modal.js?body=1" for 127.0.0.1 at 2013-11-12 16:42:48 -0800
Served asset /twitter/bootstrap/modal.js - 304 Not Modified (0ms)


Started GET "/assets/twitter/bootstrap/tooltip.js?body=1" for 127.0.0.1 at 2013-11-12 16:42:48 -0800
Served asset /twitter/bootstrap/tooltip.js - 304 Not Modified (0ms)


Started GET "/assets/twitter/bootstrap/popover.js?body=1" for 127.0.0.1 at 2013-11-12 16:42:48 -0800
Served asset /twitter/bootstrap/popover.js - 304 Not Modified (0ms)


Started GET "/assets/twitter/bootstrap/scrollspy.js?body=1" for 127.0.0.1 at 2013-11-12 16:42:48 -0800
Served asset /twitter/bootstrap/scrollspy.js - 304 Not Modified (0ms)


Started GET "/assets/twitter/bootstrap/tab.js?body=1" for 127.0.0.1 at 2013-11-12 16:42:48 -0800
Served asset /twitter/bootstrap/tab.js - 304 Not Modified (0ms)


Started GET "/assets/twitter/bootstrap/affix.js?body=1" for 127.0.0.1 at 2013-11-12 16:42:48 -0800
Served asset /twitter/bootstrap/affix.js - 304 Not Modified (0ms)


Started GET "/assets/twitter/bootstrap.js?body=1" for 127.0.0.1 at 2013-11-12 16:42:48 -0800
Served asset /twitter/bootstrap.js - 304 Not Modified (0ms)


Started GET "/assets/holder.js?body=1" for 127.0.0.1 at 2013-11-12 16:42:48 -0800
Served asset /holder.js - 304 Not Modified (0ms)


Started GET "/assets/followers.js?body=1" for 127.0.0.1 at 2013-11-12 16:42:48 -0800
Served asset /followers.js - 304 Not Modified (0ms)


Started GET "/assets/list_movies.js?body=1" for 127.0.0.1 at 2013-11-12 16:42:48 -0800
Served asset /list_movies.js - 304 Not Modified (0ms)


Started GET "/assets/login.js?body=1" for 127.0.0.1 at 2013-11-12 16:42:48 -0800
Served asset /login.js - 304 Not Modified (0ms)


Started GET "/assets/mainpage.js?body=1" for 127.0.0.1 at 2013-11-12 16:42:48 -0800
Served asset /mainpage.js - 304 Not Modified (0ms)


Started GET "/assets/my_lists.js?body=1" for 127.0.0.1 at 2013-11-12 16:42:48 -0800
Served asset /my_lists.js - 304 Not Modified (0ms)


Started GET "/assets/pages.js?body=1" for 127.0.0.1 at 2013-11-12 16:42:48 -0800
Served asset /pages.js - 304 Not Modified (0ms)


Started GET "/assets/sessions.js?body=1" for 127.0.0.1 at 2013-11-12 16:42:48 -0800
Served asset /sessions.js - 304 Not Modified (0ms)


Started GET "/assets/unseen_movies.js?body=1" for 127.0.0.1 at 2013-11-12 16:42:48 -0800
Served asset /unseen_movies.js - 304 Not Modified (0ms)


Started GET "/assets/users.js?body=1" for 127.0.0.1 at 2013-11-12 16:42:48 -0800
Served asset /users.js - 304 Not Modified (0ms)


Started GET "/assets/watched_movies.js?body=1" for 127.0.0.1 at 2013-11-12 16:42:48 -0800
Served asset /watched_movies.js - 304 Not Modified (0ms)


Started GET "/assets/application.js?body=1" for 127.0.0.1 at 2013-11-12 16:42:48 -0800
Served asset /application.js - 304 Not Modified (0ms)


Started GET "/assets/MovieShareLogo.png" for 127.0.0.1 at 2013-11-12 16:42:48 -0800
Served asset /MovieShareLogo.png - 304 Not Modified (0ms)


Started POST "/pages/moviepage?movieid=tt0120737&type=seen" for 127.0.0.1 at 2013-11-12 16:42:53 -0800
Processing by PagesController#addmovie as HTML
  Parameters: {"authenticity_token"=>"5orZBa7fYguF2AKcUf7upNPjJJuK9HBveUU/V4LGbpg=", "movieid"=>"tt0120737", "type"=>"seen"}
  [1m[36mUser Load (0.2ms)[0m  [1mSELECT "users".* FROM "users" WHERE "users"."id" = 1 LIMIT 1[0m
  [1m[35mWatchedMovie Load (0.1ms)[0m  SELECT "watched_movies".* FROM "watched_movies" WHERE "watched_movies"."user_id" = 1 LIMIT 1
  [1m[36m (0.0ms)[0m  [1mbegin transaction[0m
  [1m[35mWatchedMovie Exists (0.1ms)[0m  SELECT 1 AS one FROM "watched_movies" WHERE ("watched_movies"."user_id" = 1 AND "watched_movies"."id" != 1) LIMIT 1
  [1m[36m (0.2ms)[0m  [1mUPDATE "watched_movies" SET "movies" = ';tt0120737', "updated_at" = '2013-11-13 00:42:53.654854' WHERE "watched_movies"."id" = 1[0m
  [1m[35m (2.3ms)[0m  commit transaction
Redirected to http://localhost:3000/pages/list
Completed 302 Found in 32ms (ActiveRecord: 2.9ms)


Started GET "/pages/list" for 127.0.0.1 at 2013-11-12 16:42:53 -0800
Processing by PagesController#list as HTML
  [1m[36mUser Load (0.2ms)[0m  [1mSELECT "users".* FROM "users" WHERE "users"."id" = 1 LIMIT 1[0m
  [1m[35mMyList Load (0.1ms)[0m  SELECT "my_lists".* FROM "my_lists" WHERE "my_lists"."owner_id" = 1
  [1m[36mCACHE (0.0ms)[0m  [1mSELECT "my_lists".* FROM "my_lists" WHERE "my_lists"."owner_id" = 1[0m
  [1m[35mCACHE (0.0ms)[0m  SELECT "my_lists".* FROM "my_lists" WHERE "my_lists"."owner_id" = 1
  [1m[36mCACHE (0.0ms)[0m  [1mSELECT "my_lists".* FROM "my_lists" WHERE "my_lists"."owner_id" = 1[0m
  [1m[35mCACHE (0.0ms)[0m  SELECT "my_lists".* FROM "my_lists" WHERE "my_lists"."owner_id" = 1
  [1m[36mCACHE (0.0ms)[0m  [1mSELECT "my_lists".* FROM "my_lists" WHERE "my_lists"."owner_id" = 1[0m
  Rendered pages/list.html.erb within layouts/application (6.0ms)
Completed 200 OK in 20ms (Views: 18.8ms | ActiveRecord: 0.3ms)


Started GET "/assets/jquery.rating.css?body=1" for 127.0.0.1 at 2013-11-12 16:42:53 -0800
Served asset /jquery.rating.css - 304 Not Modified (0ms)


Started GET "/assets/jquery-star-rating.css?body=1" for 127.0.0.1 at 2013-11-12 16:42:53 -0800
Served asset /jquery-star-rating.css - 304 Not Modified (0ms)


Started GET "/assets/application.css?body=1" for 127.0.0.1 at 2013-11-12 16:42:53 -0800
Served asset /application.css - 304 Not Modified (0ms)


Started GET "/assets/twitter/bootstrap.css?body=1" for 127.0.0.1 at 2013-11-12 16:42:53 -0800
Served asset /twitter/bootstrap.css - 304 Not Modified (0ms)


Started GET "/assets/login.css?body=1" for 127.0.0.1 at 2013-11-12 16:42:53 -0800
Served asset /login.css - 304 Not Modified (0ms)


Started GET "/assets/my_lists.css?body=1" for 127.0.0.1 at 2013-11-12 16:42:53 -0800
Served asset /my_lists.css - 304 Not Modified (0ms)


Started GET "/assets/pages.css?body=1" for 127.0.0.1 at 2013-11-12 16:42:53 -0800
Served asset /pages.css - 304 Not Modified (0ms)


Started GET "/assets/scaffolds.css?body=1" for 127.0.0.1 at 2013-11-12 16:42:53 -0800
Served asset /scaffolds.css - 304 Not Modified (0ms)


Started GET "/assets/users.css?body=1" for 127.0.0.1 at 2013-11-12 16:42:53 -0800
Served asset /users.css - 304 Not Modified (0ms)


Started GET "/assets/jquery.js?body=1" for 127.0.0.1 at 2013-11-12 16:42:53 -0800
Served asset /jquery.js - 304 Not Modified (0ms)


Started GET "/assets/jquery_ujs.js?body=1" for 127.0.0.1 at 2013-11-12 16:42:53 -0800
Served asset /jquery_ujs.js - 304 Not Modified (0ms)


Started GET "/assets/jquery.rating.js?body=1" for 127.0.0.1 at 2013-11-12 16:42:53 -0800
Served asset /jquery.rating.js - 304 Not Modified (0ms)


Started GET "/assets/jquery-star-rating.js?body=1" for 127.0.0.1 at 2013-11-12 16:42:53 -0800
Served asset /jquery-star-rating.js - 304 Not Modified (0ms)


Started GET "/assets/twitter/bootstrap/transition.js?body=1" for 127.0.0.1 at 2013-11-12 16:42:53 -0800
Served asset /twitter/bootstrap/transition.js - 304 Not Modified (0ms)


Started GET "/assets/twitter/bootstrap/alert.js?body=1" for 127.0.0.1 at 2013-11-12 16:42:53 -0800
Served asset /twitter/bootstrap/alert.js - 304 Not Modified (0ms)


Started GET "/assets/twitter/bootstrap/button.js?body=1" for 127.0.0.1 at 2013-11-12 16:42:53 -0800
Served asset /twitter/bootstrap/button.js - 304 Not Modified (0ms)


Started GET "/assets/twitter/bootstrap/carousel.js?body=1" for 127.0.0.1 at 2013-11-12 16:42:53 -0800
Served asset /twitter/bootstrap/carousel.js - 304 Not Modified (0ms)


Started GET "/assets/twitter/bootstrap/collapse.js?body=1" for 127.0.0.1 at 2013-11-12 16:42:53 -0800
Served asset /twitter/bootstrap/collapse.js - 304 Not Modified (0ms)


Started GET "/assets/twitter/bootstrap/dropdown.js?body=1" for 127.0.0.1 at 2013-11-12 16:42:53 -0800
Served asset /twitter/bootstrap/dropdown.js - 304 Not Modified (0ms)


Started GET "/assets/twitter/bootstrap/modal.js?body=1" for 127.0.0.1 at 2013-11-12 16:42:53 -0800
Served asset /twitter/bootstrap/modal.js - 304 Not Modified (0ms)


Started GET "/assets/twitter/bootstrap/popover.js?body=1" for 127.0.0.1 at 2013-11-12 16:42:53 -0800
Served asset /twitter/bootstrap/popover.js - 304 Not Modified (0ms)


Started GET "/assets/twitter/bootstrap/tooltip.js?body=1" for 127.0.0.1 at 2013-11-12 16:42:53 -0800
Served asset /twitter/bootstrap/tooltip.js - 304 Not Modified (0ms)


Started GET "/assets/twitter/bootstrap/scrollspy.js?body=1" for 127.0.0.1 at 2013-11-12 16:42:53 -0800
Served asset /twitter/bootstrap/scrollspy.js - 304 Not Modified (0ms)


Started GET "/assets/twitter/bootstrap/tab.js?body=1" for 127.0.0.1 at 2013-11-12 16:42:53 -0800
Served asset /twitter/bootstrap/tab.js - 304 Not Modified (0ms)


Started GET "/assets/holder.js?body=1" for 127.0.0.1 at 2013-11-12 16:42:53 -0800
Served asset /holder.js - 304 Not Modified (0ms)


Started GET "/assets/twitter/bootstrap/affix.js?body=1" for 127.0.0.1 at 2013-11-12 16:42:53 -0800
Served asset /twitter/bootstrap/affix.js - 304 Not Modified (0ms)


Started GET "/assets/twitter/bootstrap.js?body=1" for 127.0.0.1 at 2013-11-12 16:42:53 -0800
Served asset /twitter/bootstrap.js - 304 Not Modified (0ms)


Started GET "/assets/followers.js?body=1" for 127.0.0.1 at 2013-11-12 16:42:53 -0800
Served asset /followers.js - 304 Not Modified (0ms)


Started GET "/assets/list_movies.js?body=1" for 127.0.0.1 at 2013-11-12 16:42:53 -0800
Served asset /list_movies.js - 304 Not Modified (0ms)


Started GET "/assets/login.js?body=1" for 127.0.0.1 at 2013-11-12 16:42:53 -0800
Served asset /login.js - 304 Not Modified (0ms)


Started GET "/assets/mainpage.js?body=1" for 127.0.0.1 at 2013-11-12 16:42:53 -0800
Served asset /mainpage.js - 304 Not Modified (0ms)


Started GET "/assets/my_lists.js?body=1" for 127.0.0.1 at 2013-11-12 16:42:53 -0800
Served asset /my_lists.js - 304 Not Modified (0ms)


Started GET "/assets/pages.js?body=1" for 127.0.0.1 at 2013-11-12 16:42:53 -0800
Served asset /pages.js - 304 Not Modified (0ms)


Started GET "/assets/sessions.js?body=1" for 127.0.0.1 at 2013-11-12 16:42:53 -0800
Served asset /sessions.js - 304 Not Modified (0ms)


Started GET "/assets/unseen_movies.js?body=1" for 127.0.0.1 at 2013-11-12 16:42:53 -0800
Served asset /unseen_movies.js - 304 Not Modified (0ms)


Started GET "/assets/users.js?body=1" for 127.0.0.1 at 2013-11-12 16:42:53 -0800
Served asset /users.js - 304 Not Modified (0ms)


Started GET "/assets/watched_movies.js?body=1" for 127.0.0.1 at 2013-11-12 16:42:53 -0800
Served asset /watched_movies.js - 304 Not Modified (0ms)


Started GET "/assets/application.js?body=1" for 127.0.0.1 at 2013-11-12 16:42:53 -0800
Served asset /application.js - 304 Not Modified (0ms)


Started GET "/assets/MovieShareLogo.png" for 127.0.0.1 at 2013-11-12 16:42:53 -0800
Served asset /MovieShareLogo.png - 304 Not Modified (0ms)


Started POST "/pages/moviepage?movieid=tt0167260&type=seen" for 127.0.0.1 at 2013-11-12 16:42:56 -0800
Processing by PagesController#addmovie as HTML
  Parameters: {"authenticity_token"=>"5orZBa7fYguF2AKcUf7upNPjJJuK9HBveUU/V4LGbpg=", "movieid"=>"tt0167260", "type"=>"seen"}
  [1m[35mUser Load (0.1ms)[0m  SELECT "users".* FROM "users" WHERE "users"."id" = 1 LIMIT 1
  [1m[36mWatchedMovie Load (0.1ms)[0m  [1mSELECT "watched_movies".* FROM "watched_movies" WHERE "watched_movies"."user_id" = 1 LIMIT 1[0m
  [1m[35m (0.0ms)[0m  begin transaction
  [1m[36mWatchedMovie Exists (0.1ms)[0m  [1mSELECT 1 AS one FROM "watched_movies" WHERE ("watched_movies"."user_id" = 1 AND "watched_movies"."id" != 1) LIMIT 1[0m
  [1m[35m (0.2ms)[0m  UPDATE "watched_movies" SET "movies" = ';tt0120737;tt0167260', "updated_at" = '2013-11-13 00:42:56.440043' WHERE "watched_movies"."id" = 1
  [1m[36m (2.2ms)[0m  [1mcommit transaction[0m
Redirected to http://localhost:3000/pages/list
Completed 302 Found in 6ms (ActiveRecord: 2.8ms)


Started GET "/pages/list" for 127.0.0.1 at 2013-11-12 16:42:56 -0800
Processing by PagesController#list as HTML
  [1m[35mUser Load (0.2ms)[0m  SELECT "users".* FROM "users" WHERE "users"."id" = 1 LIMIT 1
  [1m[36mMyList Load (0.1ms)[0m  [1mSELECT "my_lists".* FROM "my_lists" WHERE "my_lists"."owner_id" = 1[0m
  [1m[35mCACHE (0.0ms)[0m  SELECT "my_lists".* FROM "my_lists" WHERE "my_lists"."owner_id" = 1
  [1m[36mCACHE (0.0ms)[0m  [1mSELECT "my_lists".* FROM "my_lists" WHERE "my_lists"."owner_id" = 1[0m
  [1m[35mCACHE (0.0ms)[0m  SELECT "my_lists".* FROM "my_lists" WHERE "my_lists"."owner_id" = 1
  [1m[36mCACHE (0.0ms)[0m  [1mSELECT "my_lists".* FROM "my_lists" WHERE "my_lists"."owner_id" = 1[0m
  [1m[35mCACHE (0.0ms)[0m  SELECT "my_lists".* FROM "my_lists" WHERE "my_lists"."owner_id" = 1
  Rendered pages/list.html.erb within layouts/application (7.9ms)
Completed 200 OK in 24ms (Views: 22.9ms | ActiveRecord: 0.3ms)


Started GET "/assets/jquery.rating.css?body=1" for 127.0.0.1 at 2013-11-12 16:42:56 -0800
Served asset /jquery.rating.css - 304 Not Modified (0ms)


Started GET "/assets/my_lists.css?body=1" for 127.0.0.1 at 2013-11-12 16:42:56 -0800
Served asset /my_lists.css - 304 Not Modified (0ms)


Started GET "/assets/application.css?body=1" for 127.0.0.1 at 2013-11-12 16:42:56 -0800
Served asset /application.css - 304 Not Modified (0ms)


Started GET "/assets/jquery-star-rating.css?body=1" for 127.0.0.1 at 2013-11-12 16:42:56 -0800
Served asset /jquery-star-rating.css - 304 Not Modified (0ms)


Started GET "/assets/twitter/bootstrap.css?body=1" for 127.0.0.1 at 2013-11-12 16:42:56 -0800
Served asset /twitter/bootstrap.css - 304 Not Modified (0ms)


Started GET "/assets/login.css?body=1" for 127.0.0.1 at 2013-11-12 16:42:56 -0800
Served asset /login.css - 304 Not Modified (0ms)


Started GET "/assets/pages.css?body=1" for 127.0.0.1 at 2013-11-12 16:42:56 -0800
Served asset /pages.css - 304 Not Modified (0ms)


Started GET "/assets/scaffolds.css?body=1" for 127.0.0.1 at 2013-11-12 16:42:56 -0800
Served asset /scaffolds.css - 304 Not Modified (0ms)


Started GET "/assets/users.css?body=1" for 127.0.0.1 at 2013-11-12 16:42:56 -0800
Served asset /users.css - 304 Not Modified (0ms)


Started GET "/assets/jquery.js?body=1" for 127.0.0.1 at 2013-11-12 16:42:56 -0800
Served asset /jquery.js - 304 Not Modified (0ms)


Started GET "/assets/jquery_ujs.js?body=1" for 127.0.0.1 at 2013-11-12 16:42:56 -0800
Served asset /jquery_ujs.js - 304 Not Modified (0ms)


Started GET "/assets/jquery.rating.js?body=1" for 127.0.0.1 at 2013-11-12 16:42:56 -0800
Served asset /jquery.rating.js - 304 Not Modified (0ms)


Started GET "/assets/jquery-star-rating.js?body=1" for 127.0.0.1 at 2013-11-12 16:42:56 -0800
Served asset /jquery-star-rating.js - 304 Not Modified (0ms)


Started GET "/assets/twitter/bootstrap/transition.js?body=1" for 127.0.0.1 at 2013-11-12 16:42:56 -0800
Served asset /twitter/bootstrap/transition.js - 304 Not Modified (0ms)


Started GET "/assets/twitter/bootstrap/button.js?body=1" for 127.0.0.1 at 2013-11-12 16:42:56 -0800
Served asset /twitter/bootstrap/button.js - 304 Not Modified (0ms)


Started GET "/assets/twitter/bootstrap/alert.js?body=1" for 127.0.0.1 at 2013-11-12 16:42:56 -0800
Served asset /twitter/bootstrap/alert.js - 304 Not Modified (0ms)


Started GET "/assets/twitter/bootstrap/carousel.js?body=1" for 127.0.0.1 at 2013-11-12 16:42:56 -0800
Served asset /twitter/bootstrap/carousel.js - 304 Not Modified (0ms)


Started GET "/assets/twitter/bootstrap/collapse.js?body=1" for 127.0.0.1 at 2013-11-12 16:42:56 -0800
Served asset /twitter/bootstrap/collapse.js - 304 Not Modified (0ms)


Started GET "/assets/twitter/bootstrap/dropdown.js?body=1" for 127.0.0.1 at 2013-11-12 16:42:56 -0800
Served asset /twitter/bootstrap/dropdown.js - 304 Not Modified (0ms)


Started GET "/assets/twitter/bootstrap/modal.js?body=1" for 127.0.0.1 at 2013-11-12 16:42:56 -0800
Served asset /twitter/bootstrap/modal.js - 304 Not Modified (0ms)


Started GET "/assets/twitter/bootstrap/tooltip.js?body=1" for 127.0.0.1 at 2013-11-12 16:42:56 -0800
Served asset /twitter/bootstrap/tooltip.js - 304 Not Modified (0ms)


Started GET "/assets/twitter/bootstrap/popover.js?body=1" for 127.0.0.1 at 2013-11-12 16:42:56 -0800
Served asset /twitter/bootstrap/popover.js - 304 Not Modified (0ms)


Started GET "/assets/twitter/bootstrap/scrollspy.js?body=1" for 127.0.0.1 at 2013-11-12 16:42:56 -0800
Served asset /twitter/bootstrap/scrollspy.js - 304 Not Modified (0ms)


Started GET "/assets/twitter/bootstrap/tab.js?body=1" for 127.0.0.1 at 2013-11-12 16:42:56 -0800
Served asset /twitter/bootstrap/tab.js - 304 Not Modified (0ms)


Started GET "/assets/twitter/bootstrap/affix.js?body=1" for 127.0.0.1 at 2013-11-12 16:42:56 -0800
Served asset /twitter/bootstrap/affix.js - 304 Not Modified (0ms)


Started GET "/assets/holder.js?body=1" for 127.0.0.1 at 2013-11-12 16:42:56 -0800
Served asset /holder.js - 304 Not Modified (0ms)


Started GET "/assets/twitter/bootstrap.js?body=1" for 127.0.0.1 at 2013-11-12 16:42:56 -0800
Served asset /twitter/bootstrap.js - 304 Not Modified (0ms)


Started GET "/assets/followers.js?body=1" for 127.0.0.1 at 2013-11-12 16:42:56 -0800
Served asset /followers.js - 304 Not Modified (0ms)


Started GET "/assets/list_movies.js?body=1" for 127.0.0.1 at 2013-11-12 16:42:56 -0800
Served asset /list_movies.js - 304 Not Modified (0ms)


Started GET "/assets/login.js?body=1" for 127.0.0.1 at 2013-11-12 16:42:56 -0800
Served asset /login.js - 304 Not Modified (0ms)


Started GET "/assets/mainpage.js?body=1" for 127.0.0.1 at 2013-11-12 16:42:56 -0800
Served asset /mainpage.js - 304 Not Modified (0ms)


Started GET "/assets/my_lists.js?body=1" for 127.0.0.1 at 2013-11-12 16:42:56 -0800
Served asset /my_lists.js - 304 Not Modified (0ms)


Started GET "/assets/pages.js?body=1" for 127.0.0.1 at 2013-11-12 16:42:56 -0800
Served asset /pages.js - 304 Not Modified (0ms)


Started GET "/assets/sessions.js?body=1" for 127.0.0.1 at 2013-11-12 16:42:56 -0800
Served asset /sessions.js - 304 Not Modified (0ms)


Started GET "/assets/unseen_movies.js?body=1" for 127.0.0.1 at 2013-11-12 16:42:56 -0800
Served asset /unseen_movies.js - 304 Not Modified (0ms)


Started GET "/assets/users.js?body=1" for 127.0.0.1 at 2013-11-12 16:42:56 -0800
Served asset /users.js - 304 Not Modified (0ms)


Started GET "/assets/watched_movies.js?body=1" for 127.0.0.1 at 2013-11-12 16:42:56 -0800
Served asset /watched_movies.js - 304 Not Modified (0ms)


Started GET "/assets/application.js?body=1" for 127.0.0.1 at 2013-11-12 16:42:56 -0800
Served asset /application.js - 304 Not Modified (0ms)


Started GET "/assets/MovieShareLogo.png" for 127.0.0.1 at 2013-11-12 16:42:56 -0800
Served asset /MovieShareLogo.png - 304 Not Modified (0ms)


Started GET "/pages/profilepage" for 127.0.0.1 at 2013-11-12 16:42:57 -0800
Processing by PagesController#profilepage as HTML
  [1m[36mUser Load (0.1ms)[0m  [1mSELECT "users".* FROM "users" WHERE "users"."id" = 1 LIMIT 1[0m
  [1m[35m (0.2ms)[0m  SELECT COUNT(*) FROM "followers" WHERE (user_id_follower = 1)
  [1m[36mFollower Load (0.1ms)[0m  [1mSELECT "followers".* FROM "followers" WHERE "followers"."user_id_follower" = 1[0m
  [1m[35m (0.1ms)[0m  SELECT COUNT(*) FROM "followers" WHERE (user_id_model = 1)
  [1m[36mFollower Load (0.1ms)[0m  [1mSELECT "followers".* FROM "followers" WHERE "followers"."user_id_model" = 1[0m
  [1m[35mWatchedMovie Load (0.1ms)[0m  SELECT "watched_movies".* FROM "watched_movies" WHERE "watched_movies"."user_id" = 1 LIMIT 1
  [1m[36mCACHE (0.0ms)[0m  [1mSELECT "watched_movies".* FROM "watched_movies" WHERE "watched_movies"."user_id" = 1 LIMIT 1[0m
  [1m[35mMyList Load (0.2ms)[0m  SELECT "my_lists".* FROM "my_lists" WHERE "my_lists"."owner_id" = 1
  [1m[36mCACHE (0.0ms)[0m  [1mSELECT "my_lists".* FROM "my_lists" WHERE "my_lists"."owner_id" = 1[0m
  [1m[35mCACHE (0.0ms)[0m  SELECT "my_lists".* FROM "my_lists" WHERE "my_lists"."owner_id" = 1
  Rendered pages/profilepage.html.erb within layouts/application (1878.9ms)
Completed 200 OK in 1913ms (Views: 1911.6ms | ActiveRecord: 0.9ms)


Started GET "/assets/jquery.rating.css?body=1" for 127.0.0.1 at 2013-11-12 16:42:59 -0800
Served asset /jquery.rating.css - 304 Not Modified (0ms)


Started GET "/assets/twitter/bootstrap.css?body=1" for 127.0.0.1 at 2013-11-12 16:42:59 -0800
Served asset /twitter/bootstrap.css - 304 Not Modified (0ms)


Started GET "/assets/jquery-star-rating.css?body=1" for 127.0.0.1 at 2013-11-12 16:42:59 -0800
Served asset /jquery-star-rating.css - 304 Not Modified (0ms)


Started GET "/assets/my_lists.css?body=1" for 127.0.0.1 at 2013-11-12 16:42:59 -0800
Served asset /my_lists.css - 304 Not Modified (0ms)


Started GET "/assets/application.css?body=1" for 127.0.0.1 at 2013-11-12 16:42:59 -0800
Served asset /application.css - 304 Not Modified (0ms)


Started GET "/assets/login.css?body=1" for 127.0.0.1 at 2013-11-12 16:42:59 -0800
Served asset /login.css - 304 Not Modified (0ms)


Started GET "/assets/pages.css?body=1" for 127.0.0.1 at 2013-11-12 16:42:59 -0800
Served asset /pages.css - 304 Not Modified (0ms)


Started GET "/assets/scaffolds.css?body=1" for 127.0.0.1 at 2013-11-12 16:42:59 -0800
Served asset /scaffolds.css - 304 Not Modified (0ms)


Started GET "/assets/users.css?body=1" for 127.0.0.1 at 2013-11-12 16:42:59 -0800
Served asset /users.css - 304 Not Modified (0ms)


Started GET "/assets/jquery.js?body=1" for 127.0.0.1 at 2013-11-12 16:42:59 -0800
Served asset /jquery.js - 304 Not Modified (0ms)


Started GET "/assets/jquery_ujs.js?body=1" for 127.0.0.1 at 2013-11-12 16:42:59 -0800
Served asset /jquery_ujs.js - 304 Not Modified (0ms)


Started GET "/assets/jquery.rating.js?body=1" for 127.0.0.1 at 2013-11-12 16:42:59 -0800
Served asset /jquery.rating.js - 304 Not Modified (0ms)


Started GET "/assets/jquery-star-rating.js?body=1" for 127.0.0.1 at 2013-11-12 16:42:59 -0800
Served asset /jquery-star-rating.js - 304 Not Modified (0ms)


Started GET "/assets/twitter/bootstrap/transition.js?body=1" for 127.0.0.1 at 2013-11-12 16:42:59 -0800
Served asset /twitter/bootstrap/transition.js - 304 Not Modified (0ms)


Started GET "/assets/twitter/bootstrap/button.js?body=1" for 127.0.0.1 at 2013-11-12 16:42:59 -0800
Served asset /twitter/bootstrap/button.js - 304 Not Modified (0ms)


Started GET "/assets/twitter/bootstrap/alert.js?body=1" for 127.0.0.1 at 2013-11-12 16:42:59 -0800
Served asset /twitter/bootstrap/alert.js - 304 Not Modified (0ms)


Started GET "/assets/twitter/bootstrap/carousel.js?body=1" for 127.0.0.1 at 2013-11-12 16:42:59 -0800
Served asset /twitter/bootstrap/carousel.js - 304 Not Modified (0ms)


Started GET "/assets/twitter/bootstrap/collapse.js?body=1" for 127.0.0.1 at 2013-11-12 16:42:59 -0800
Served asset /twitter/bootstrap/collapse.js - 304 Not Modified (0ms)


Started GET "/assets/twitter/bootstrap/dropdown.js?body=1" for 127.0.0.1 at 2013-11-12 16:42:59 -0800
Served asset /twitter/bootstrap/dropdown.js - 304 Not Modified (0ms)


Started GET "/assets/twitter/bootstrap/tooltip.js?body=1" for 127.0.0.1 at 2013-11-12 16:42:59 -0800
Served asset /twitter/bootstrap/tooltip.js - 304 Not Modified (0ms)


Started GET "/assets/twitter/bootstrap/popover.js?body=1" for 127.0.0.1 at 2013-11-12 16:42:59 -0800
Served asset /twitter/bootstrap/popover.js - 304 Not Modified (0ms)


Started GET "/assets/twitter/bootstrap/modal.js?body=1" for 127.0.0.1 at 2013-11-12 16:42:59 -0800
Served asset /twitter/bootstrap/modal.js - 304 Not Modified (0ms)


Started GET "/assets/twitter/bootstrap/scrollspy.js?body=1" for 127.0.0.1 at 2013-11-12 16:42:59 -0800
Served asset /twitter/bootstrap/scrollspy.js - 304 Not Modified (0ms)


Started GET "/assets/twitter/bootstrap/affix.js?body=1" for 127.0.0.1 at 2013-11-12 16:42:59 -0800
Served asset /twitter/bootstrap/affix.js - 304 Not Modified (0ms)


Started GET "/assets/twitter/bootstrap/tab.js?body=1" for 127.0.0.1 at 2013-11-12 16:42:59 -0800
Served asset /twitter/bootstrap/tab.js - 304 Not Modified (0ms)


Started GET "/assets/twitter/bootstrap.js?body=1" for 127.0.0.1 at 2013-11-12 16:42:59 -0800
Served asset /twitter/bootstrap.js - 304 Not Modified (0ms)


Started GET "/assets/holder.js?body=1" for 127.0.0.1 at 2013-11-12 16:42:59 -0800
Served asset /holder.js - 304 Not Modified (0ms)


Started GET "/assets/followers.js?body=1" for 127.0.0.1 at 2013-11-12 16:42:59 -0800
Served asset /followers.js - 304 Not Modified (0ms)


Started GET "/assets/list_movies.js?body=1" for 127.0.0.1 at 2013-11-12 16:42:59 -0800
Served asset /list_movies.js - 304 Not Modified (0ms)


Started GET "/assets/login.js?body=1" for 127.0.0.1 at 2013-11-12 16:42:59 -0800
Served asset /login.js - 304 Not Modified (0ms)


Started GET "/assets/mainpage.js?body=1" for 127.0.0.1 at 2013-11-12 16:42:59 -0800
Served asset /mainpage.js - 304 Not Modified (0ms)


Started GET "/assets/my_lists.js?body=1" for 127.0.0.1 at 2013-11-12 16:42:59 -0800
Served asset /my_lists.js - 304 Not Modified (0ms)


Started GET "/assets/pages.js?body=1" for 127.0.0.1 at 2013-11-12 16:42:59 -0800
Served asset /pages.js - 304 Not Modified (0ms)


Started GET "/assets/sessions.js?body=1" for 127.0.0.1 at 2013-11-12 16:42:59 -0800
Served asset /sessions.js - 304 Not Modified (0ms)


Started GET "/assets/unseen_movies.js?body=1" for 127.0.0.1 at 2013-11-12 16:42:59 -0800
Served asset /unseen_movies.js - 304 Not Modified (0ms)


Started GET "/assets/users.js?body=1" for 127.0.0.1 at 2013-11-12 16:42:59 -0800
Served asset /users.js - 304 Not Modified (0ms)


Started GET "/assets/watched_movies.js?body=1" for 127.0.0.1 at 2013-11-12 16:42:59 -0800
Served asset /watched_movies.js - 304 Not Modified (0ms)


Started GET "/assets/application.js?body=1" for 127.0.0.1 at 2013-11-12 16:42:59 -0800
Served asset /application.js - 304 Not Modified (0ms)


Started GET "/assets/MovieShareLogo.png" for 127.0.0.1 at 2013-11-12 16:42:59 -0800
Served asset /MovieShareLogo.png - 304 Not Modified (0ms)
